GROUP,PACKAGE,CLASS,INSTRUCTION_MISSED,INSTRUCTION_COVERED,BRANCH_MISSED,BRANCH_COVERED,LINE_MISSED,LINE_COVERED,COMPLEXITY_MISSED,COMPLEXITY_COVERED,METHOD_MISSED,METHOD_COVERED
netex-java-model,uk.org.siri.siri,CapabilitiesResponseStructure,54,0,0,0,21,0,12,0,12,0
netex-java-model,uk.org.siri.siri,CheckStatusResponseBodyStructure.ErrorCondition,43,0,0,0,17,0,11,0,11,0
netex-java-model,uk.org.siri.siri,ProducerRequestEndpointStructure,82,0,0,0,33,0,20,0,20,0
netex-java-model,uk.org.siri.siri,ContextualisedRequestStructure,115,0,0,0,47,0,29,0,29,0
netex-java-model,uk.org.siri.siri,NoInfoForTopicErrorStructure,17,0,0,0,6,0,4,0,4,0
netex-java-model,uk.org.siri.siri,DataSupplyRequestStructure,71,0,0,0,28,0,16,0,16,0
netex-java-model,uk.org.siri.siri,TerminationResponseStatusStructure.ErrorCondition,67,0,0,0,27,0,17,0,17,0
netex-java-model,uk.org.siri.siri,UnknownSubscriberErrorStructure,29,0,0,0,11,0,7,0,7,0
netex-java-model,uk.org.siri.siri,CheckStatusResponseStructure,126,0,0,0,51,0,30,0,30,0
netex-java-model,uk.org.siri.siri,SiriSchema,240,0,2,0,99,0,60,0,59,0
netex-java-model,uk.org.siri.siri,BoundingBoxStructure,31,0,0,0,12,0,8,0,8,0
netex-java-model,uk.org.siri.siri,EndpointNotAvailableAccessStructure,29,0,0,0,11,0,7,0,7,0
netex-java-model,uk.org.siri.siri,AbstractRequestStructure,19,0,0,0,7,0,5,0,5,0
netex-java-model,uk.org.siri.siri,AbstractRequiredIdentifiedItemStructure,24,0,0,0,9,0,6,0,6,0
netex-java-model,uk.org.siri.siri,DataReadyResponseStructure.ErrorCondition,43,0,0,0,17,0,11,0,11,0
netex-java-model,uk.org.siri.siri,ServiceCapabilitiesRequestStructure,58,0,2,0,23,0,14,0,13,0
netex-java-model,uk.org.siri.siri,TerminationResponseStatusStructure,91,0,0,0,37,0,23,0,23,0
netex-java-model,uk.org.siri.siri,SubscriptionContextStructure,19,0,0,0,7,0,5,0,5,0
netex-java-model,uk.org.siri.siri,SubscriptionRequestStructure,107,0,8,0,34,0,20,0,16,0
netex-java-model,uk.org.siri.siri,ServiceDeliveryStructure,135,0,8,0,46,0,28,0,24,0
netex-java-model,uk.org.siri.siri,CapabilityRefStructure,19,0,0,0,7,0,5,0,5,0
netex-java-model,uk.org.siri.siri,AbstractIdentifiedItemStructure,24,0,0,0,9,0,6,0,6,0
netex-java-model,uk.org.siri.siri,ResponseStructure,19,0,0,0,7,0,5,0,5,0
netex-java-model,uk.org.siri.siri,AbstractCapabilitiesStructure,31,0,0,0,12,0,8,0,8,0
netex-java-model,uk.org.siri.siri,CapabilityGeneralInteractionStructure.Interaction,31,0,0,0,12,0,8,0,8,0
netex-java-model,uk.org.siri.siri,SubscriptionResponseBodyStructure,76,0,8,0,22,0,15,0,11,0
netex-java-model,uk.org.siri.siri,TerminateSubscriptionRequestStructure,163,0,8,0,58,0,36,0,32,0
netex-java-model,uk.org.siri.siri,TerminateSubscriptionResponseStructure,82,0,8,0,24,0,15,0,11,0
netex-java-model,uk.org.siri.siri,MessageQualifierStructure,19,0,0,0,7,0,5,0,5,0
netex-java-model,uk.org.siri.siri,ServiceNotAvailableErrorStructure,29,0,0,0,11,0,7,0,7,0
netex-java-model,uk.org.siri.siri,NaturalLanguageStringStructure,31,0,0,0,12,0,8,0,8,0
netex-java-model,uk.org.siri.siri,DataReceivedResponseStructure,56,0,0,0,22,0,13,0,13,0
netex-java-model,uk.org.siri.siri,AbstractReferencingItemStructure,24,0,0,0,9,0,6,0,6,0
netex-java-model,uk.org.siri.siri,ExtensionsStructure,19,0,0,0,7,0,5,0,5,0
netex-java-model,uk.org.siri.siri,UnknownExtensionsErrorStructure,62,0,8,0,16,0,11,0,7,0
netex-java-model,uk.org.siri.siri,DeliveryMethodEnumeration,31,34,4,0,5,6,4,2,2,2
netex-java-model,uk.org.siri.siri,DataReadyRequestStructure,47,0,0,0,18,0,10,0,10,0
netex-java-model,uk.org.siri.siri,SubscriptionFilterStructure,19,0,0,0,7,0,5,0,5,0
netex-java-model,uk.org.siri.siri,TerminateSubscriptionRequestBodyStructure,76,0,8,0,22,0,15,0,11,0
netex-java-model,uk.org.siri.siri,ServiceRequestStructure,52,0,0,0,20,0,11,0,11,0
netex-java-model,uk.org.siri.siri,AbstractServiceDeliveryStructure,144,0,0,0,59,0,36,0,36,0
netex-java-model,uk.org.siri.siri,ServiceDelivery,96,0,6,0,31,0,18,0,15,0
netex-java-model,uk.org.siri.siri,AbstractRequiredReferencingItemStructure,24,0,0,0,9,0,6,0,6,0
netex-java-model,uk.org.siri.siri,DataNameSpacesStructure,67,0,0,0,27,0,17,0,17,0
netex-java-model,uk.org.siri.siri,BeyondDataHorizonErrorStructure,17,0,0,0,6,0,4,0,4,0
netex-java-model,uk.org.siri.siri,SubscriptionTerminatedNotificationStructure,111,0,8,0,36,0,22,0,18,0
netex-java-model,uk.org.siri.siri,AbstractServiceCapabilitiesResponseStructure,72,0,0,0,29,0,18,0,18,0
netex-java-model,uk.org.siri.siri,CheckStatusResponseBodyStructure,79,0,0,0,32,0,20,0,20,0
netex-java-model,uk.org.siri.siri,NaturalLanguagePlaceNameStructure,31,0,0,0,12,0,8,0,8,0
netex-java-model,uk.org.siri.siri,ConsumerRequestEndpointStructure,82,0,0,0,33,0,20,0,20,0
netex-java-model,uk.org.siri.siri,AbstractSubscriptionRequestStructure,83,0,0,0,33,0,19,0,19,0
netex-java-model,uk.org.siri.siri,AuthenticatedRequestStructure,36,0,0,0,14,0,9,0,9,0
netex-java-model,uk.org.siri.siri,ProducerResponseStructure,84,0,0,0,34,0,21,0,21,0
netex-java-model,uk.org.siri.siri,TransportDescriptionStructure,31,0,0,0,12,0,8,0,8,0
netex-java-model,uk.org.siri.siri,AllowedResourceUsageExceededErrorStructure,17,0,0,0,6,0,4,0,4,0
netex-java-model,uk.org.siri.siri,LineShapeStructure,52,0,8,0,12,0,9,0,5,0
netex-java-model,uk.org.siri.siri,AbstractSubscriptionStructure,43,0,0,0,17,0,11,0,11,0
netex-java-model,uk.org.siri.siri,CapabilityNotSupportedErrorStructure,29,0,0,0,11,0,7,0,7,0
netex-java-model,uk.org.siri.siri,ConsumerResponseEndpointStructure,60,0,0,0,24,0,15,0,15,0
netex-java-model,uk.org.siri.siri,ErrorCodeStructure,31,0,0,0,12,0,8,0,8,0
netex-java-model,uk.org.siri.siri,UnknownSubscriptionErrorStructure,29,0,0,0,11,0,7,0,7,0
netex-java-model,uk.org.siri.siri,SubscriptionFilterRefStructure,19,0,0,0,7,0,5,0,5,0
netex-java-model,uk.org.siri.siri,AbstractNotificationStructure,47,0,0,0,18,0,10,0,10,0
netex-java-model,uk.org.siri.siri,CommunicationsTransportMethodEnumeration,31,78,4,0,5,10,4,2,2,2
netex-java-model,uk.org.siri.siri,AbstractDiscoveryDeliveryStructure,60,0,0,0,24,0,15,0,15,0
netex-java-model,uk.org.siri.siri,MessageRefStructure,12,0,0,0,4,0,3,0,3,0
netex-java-model,uk.org.siri.siri,ServiceDeliveryBodyStructure,100,0,8,0,32,0,21,0,17,0
netex-java-model,uk.org.siri.siri,CoordinatesStructure,52,0,8,0,12,0,9,0,5,0
netex-java-model,uk.org.siri.siri,AbstractItemStructure,19,0,0,0,7,0,5,0,5,0
netex-java-model,uk.org.siri.siri,ResponseEndpointStructure,72,0,0,0,29,0,18,0,18,0
netex-java-model,uk.org.siri.siri,InvalidDataReferencesErrorStructure,62,0,8,0,16,0,11,0,7,0
netex-java-model,uk.org.siri.siri,ErrorConditionElementStructure,211,0,0,0,87,0,53,0,53,0
netex-java-model,uk.org.siri.siri,HeartbeatNotificationStructure,131,0,0,0,53,0,31,0,31,0
netex-java-model,uk.org.siri.siri,ObjectFactory,1158,0,0,0,205,0,148,0,148,0
netex-java-model,uk.org.siri.siri,ParametersIgnoredErrorStructure,62,0,8,0,16,0,11,0,7,0
netex-java-model,uk.org.siri.siri,AccessNotAllowedErrorStructure,17,0,0,0,6,0,4,0,4,0
netex-java-model,uk.org.siri.siri,UnknownEndpointErrorStructure,29,0,0,0,11,0,7,0,7,0
netex-java-model,uk.org.siri.siri,ProducerResponseEndpointStructure,60,0,0,0,24,0,15,0,15,0
netex-java-model,uk.org.siri.siri,ServiceRequestContextStructure,271,0,0,0,112,0,68,0,68,0
netex-java-model,uk.org.siri.siri,UnknownParticipantErrorStructure,29,0,0,0,11,0,7,0,7,0
netex-java-model,uk.org.siri.siri,LocationStructure,79,0,0,0,32,0,20,0,20,0
netex-java-model,uk.org.siri.siri,AbstractFunctionalServiceRequestStructure,17,0,0,0,6,0,4,0,4,0
netex-java-model,uk.org.siri.siri,SubscriptionRequest,96,0,6,0,31,0,18,0,15,0
netex-java-model,uk.org.siri.siri,ParticipantRefStructure,19,0,0,0,7,0,5,0,5,0
netex-java-model,uk.org.siri.siri,CapabilityGeneralInteractionStructure.Delivery,31,0,0,0,12,0,8,0,8,0
netex-java-model,uk.org.siri.siri,EndpointDeniedAccessStructure,29,0,0,0,11,0,7,0,7,0
netex-java-model,uk.org.siri.siri,AbstractServiceRequestStructure,24,0,0,0,9,0,6,0,6,0
netex-java-model,uk.org.siri.siri,CapabilityRequestPolicyStructure,88,0,8,0,27,0,18,0,14,0
netex-java-model,uk.org.siri.siri,ErrorConditionStructure,139,0,0,0,57,0,35,0,35,0
netex-java-model,uk.org.siri.siri,RequestStructure,82,0,0,0,33,0,20,0,20,0
netex-java-model,uk.org.siri.siri,SubscriptionResponseStructure,118,0,8,0,39,0,24,0,20,0
netex-java-model,uk.org.siri.siri,PredictorsEnumeration,31,34,4,0,5,6,4,2,2,2
netex-java-model,uk.org.siri.siri,CheckStatusRequestStructure,76,0,2,0,30,0,17,0,16,0
netex-java-model,uk.org.siri.siri,AbstractDiscoveryRequestStructure,58,0,0,0,23,0,14,0,14,0
netex-java-model,uk.org.siri.siri,StatusResponseStructure,108,0,0,0,44,0,27,0,27,0
netex-java-model,uk.org.siri.siri,OtherErrorStructure,17,0,0,0,6,0,4,0,4,0
netex-java-model,uk.org.siri.siri,ItemRefStructure,19,0,0,0,7,0,5,0,5,0
netex-java-model,uk.org.siri.siri,ErrorDescriptionStructure,19,0,0,0,7,0,5,0,5,0
netex-java-model,uk.org.siri.siri,ServiceRequest,97,0,8,0,30,0,18,0,14,0
netex-java-model,uk.org.siri.siri,CapabilitiesRequestStructure,76,0,2,0,30,0,17,0,16,0
netex-java-model,uk.org.siri.siri,ServiceDeliveryBodyStructure.ErrorCondition,43,0,0,0,17,0,11,0,11,0
netex-java-model,uk.org.siri.siri,CapabilityGeneralInteractionStructure,91,0,0,0,37,0,23,0,23,0
netex-java-model,uk.org.siri.siri,UnapprovedKeyAccessStructure,29,0,0,0,11,0,7,0,7,0
netex-java-model,uk.org.siri.siri,DataReceivedResponseStructure.ErrorCondition,43,0,0,0,17,0,11,0,11,0
netex-java-model,uk.org.siri.siri,CompressionMethodEnumeration,31,45,4,0,5,7,4,2,2,2
netex-java-model,uk.org.siri.siri,DataReadyResponseStructure,56,0,0,0,22,0,13,0,13,0
netex-java-model,uk.org.siri.siri,DataSupplyRequestBodyStructure,31,0,0,0,12,0,8,0,8,0
netex-java-model,uk.org.siri.siri,ServiceDeliveryErrorConditionStructure,199,0,0,0,82,0,50,0,50,0
netex-java-model,uk.org.siri.siri,SubscriptionQualifierStructure,19,0,0,0,7,0,5,0,5,0
netex-java-model,uk.org.siri.siri,CapabilitySubscriptionPolicyStructure,31,0,0,0,12,0,8,0,8,0
netex-java-model,org.rutebanken.util,LocalTimeISO8601XmlAdapter,8,31,2,0,3,7,2,3,1,3
netex-java-model,org.rutebanken.util,LocalDateXmlAdapter,2,39,1,1,1,11,1,4,0,4
netex-java-model,org.rutebanken.util,LocalDateTimeISO8601XmlAdapter,0,39,0,2,0,10,0,5,0,4
netex-java-model,org.rutebanken.netex.model,TopographicPlace_DerivedViewStructure,77,0,0,0,31,0,19,0,19,0
netex-java-model,org.rutebanken.netex.model,UsageParameterPriceRefs_RelStructure,57,0,8,0,14,0,10,0,6,0
netex-java-model,org.rutebanken.netex.model,VehiclePositionAlignmentRefStructure,47,0,0,0,18,0,10,0,10,0
netex-java-model,org.rutebanken.netex.model,TypeOfSecurityList,161,0,6,0,57,0,31,0,28,0
netex-java-model,org.rutebanken.netex.model,ScheduledStopPoint_DerivedViewStructure,197,0,0,0,81,0,49,0,49,0
netex-java-model,org.rutebanken.netex.model,NoticeAssignmentViews_RelStructure,62,0,8,0,16,0,11,0,7,0
netex-java-model,org.rutebanken.netex.model,ServiceExclusion,161,0,6,0,57,0,31,0,28,0
netex-java-model,org.rutebanken.netex.model,RetailDevices_RelStructure,62,0,8,0,16,0,11,0,7,0
netex-java-model,org.rutebanken.netex.model,OperatorActivitiesEnumeration,31,56,4,0,5,8,4,2,2,2
netex-java-model,org.rutebanken.netex.model,TimeDemandTypeRefStructure,47,0,0,0,18,0,10,0,10,0
netex-java-model,org.rutebanken.netex.model,ValueSet,141,0,6,0,49,0,27,0,24,0
netex-java-model,org.rutebanken.netex.model,DistributionAssignmentRefStructure,52,0,0,0,20,0,11,0,11,0
netex-java-model,org.rutebanken.netex.model,AssistanceNeededEnumeration,31,67,4,0,5,9,4,2,2,2
netex-java-model,org.rutebanken.netex.model,Level,166,0,6,0,59,0,32,0,29,0
netex-java-model,org.rutebanken.netex.model,Quay,496,3,18,0,178,1,94,1,85,1
netex-java-model,org.rutebanken.netex.model,QueueingEquipment,221,0,6,0,81,0,43,0,40,0
netex-java-model,org.rutebanken.netex.model,EscalatorEquipment,261,0,6,0,97,0,51,0,48,0
netex-java-model,org.rutebanken.netex.model,FrequencyGroups_RelStructure,62,0,8,0,16,0,11,0,7,0
netex-java-model,org.rutebanken.netex.model,DiscountingRule_VersionedStructure,207,0,6,0,76,0,42,0,39,0
netex-java-model,org.rutebanken.netex.model,StopEventRequestRefStructure,47,0,0,0,18,0,10,0,10,0
netex-java-model,org.rutebanken.netex.model,AccountableElementRefStructure,47,0,0,0,18,0,10,0,10,0
netex-java-model,org.rutebanken.netex.model,DistributionChannel_VersionStructure.DistributionGroupRef,52,0,0,0,20,0,11,0,11,0
netex-java-model,org.rutebanken.netex.model,DeadRunCall_VersionedChildStructure,351,0,6,0,137,0,81,0,78,0
netex-java-model,org.rutebanken.netex.model,LineRefs_RelStructure,62,0,8,0,16,0,11,0,7,0
netex-java-model,org.rutebanken.netex.model,ValidityTriggerRefStructure,47,0,0,0,18,0,10,0,10,0
netex-java-model,org.rutebanken.netex.model,EquipmentPosition,156,0,6,0,55,0,30,0,27,0
netex-java-model,org.rutebanken.netex.model,RampEquipment,246,0,6,0,91,0,48,0,45,0
netex-java-model,org.rutebanken.netex.model,TypeOfMachineReadability_VersionStructure,156,0,6,0,55,0,30,0,27,0
netex-java-model,org.rutebanken.netex.model,CompanionProfileRefStructure,47,0,0,0,18,0,10,0,10,0
netex-java-model,org.rutebanken.netex.model,ScheduledStopPointRefs_RelStructure,29,0,0,0,11,0,7,0,7,0
netex-java-model,org.rutebanken.netex.model,TransportAdministrativeZoneRef,52,0,0,0,20,0,11,0,11,0
netex-java-model,org.rutebanken.netex.model,DisplayAssignmentRefStructure,52,0,0,0,20,0,11,0,11,0
netex-java-model,org.rutebanken.netex.model,FrameNatureEnumeration,31,56,4,0,5,8,4,2,2,2
netex-java-model,org.rutebanken.netex.model,DistanceMatrixElementsInFrame_RelStructure,57,0,8,0,14,0,10,0,6,0
netex-java-model,org.rutebanken.netex.model,SameOperatorEnumeration,31,56,4,0,5,8,4,2,2,2
netex-java-model,org.rutebanken.netex.model,MonitoredCall_VersionedChildStructure,331,0,6,0,126,0,68,0,65,0
netex-java-model,org.rutebanken.netex.model,MinimumStay,235,0,12,0,80,0,44,0,38,0
netex-java-model,org.rutebanken.netex.model,PointsOnLink_RelStructure,69,0,8,0,19,0,13,0,9,0
netex-java-model,org.rutebanken.netex.model,TypeOfActivation_ValueStructure,161,0,6,0,57,0,31,0,28,0
netex-java-model,org.rutebanken.netex.model,JourneyMeetingsInFrame_RelStructure,62,0,8,0,16,0,11,0,7,0
netex-java-model,org.rutebanken.netex.model,RouteInstructions_RelStructure.RouteInstruction,176,0,6,0,63,0,34,0,31,0
netex-java-model,org.rutebanken.netex.model,TrainBlockPart,191,0,6,0,69,0,37,0,34,0
netex-java-model,org.rutebanken.netex.model,Address_VersionStructure,215,0,6,0,79,0,43,0,40,0
netex-java-model,org.rutebanken.netex.model,ControlCentre_VersionStructure,227,0,6,0,84,0,46,0,43,0
netex-java-model,org.rutebanken.netex.model,TimeInterval,216,0,6,0,79,0,42,0,39,0
netex-java-model,org.rutebanken.netex.model,ChargingMomentEnumeration,31,144,4,0,5,16,4,2,2,2
netex-java-model,org.rutebanken.netex.model,LiftEquipment,326,0,6,0,123,0,64,0,61,0
netex-java-model,org.rutebanken.netex.model,AlternativeTexts_RelStructure,57,0,8,0,14,0,10,0,6,0
netex-java-model,org.rutebanken.netex.model,FulfilmentMethod,201,0,6,0,73,0,39,0,36,0
netex-java-model,org.rutebanken.netex.model,Transfer_VersionStructure,210,0,6,0,78,0,45,0,42,0
netex-java-model,org.rutebanken.netex.model,AdministrativeZoneRefStructure,52,0,0,0,20,0,11,0,11,0
netex-java-model,org.rutebanken.netex.model,ActivationPointsInFrame_RelStructure,62,0,8,0,16,0,11,0,7,0
netex-java-model,org.rutebanken.netex.model,MeetingPointServiceRefStructure,47,0,0,0,18,0,10,0,10,0
netex-java-model,org.rutebanken.netex.model,SalesOfferPackageSubstitutions_RelStructure,62,0,8,0,16,0,11,0,7,0
netex-java-model,org.rutebanken.netex.model,TicketingEquipment_VersionStructure,609,0,54,0,191,0,117,0,90,0
netex-java-model,org.rutebanken.netex.model,FlexibleStopPlacesInFrame_RelStructure,62,0,8,0,16,0,11,0,7,0
netex-java-model,org.rutebanken.netex.model,GroupOfTimebandsRefStructure,52,0,0,0,20,0,11,0,11,0
netex-java-model,org.rutebanken.netex.model,PointOfInterestVehicleEntrance_VersionStructure,390,0,12,0,142,0,75,0,69,0
netex-java-model,org.rutebanken.netex.model,ActivationLinkRefByValueStructure,47,0,0,0,18,0,10,0,10,0
netex-java-model,org.rutebanken.netex.model,CommercialProfileRefStructure,47,0,0,0,18,0,10,0,10,0
netex-java-model,org.rutebanken.netex.model,ResidentialQualification_VersionStructure,195,0,6,0,72,0,42,0,39,0
netex-java-model,org.rutebanken.netex.model,FlexibleServiceAssignmentRefStructure,52,0,0,0,20,0,11,0,11,0
netex-java-model,org.rutebanken.netex.model,TypesOfSalesOfferPackage_RelStructure,62,0,8,0,16,0,11,0,7,0
netex-java-model,org.rutebanken.netex.model,VersionFrameRefs_RelStructure,62,0,8,0,16,0,11,0,7,0
netex-java-model,org.rutebanken.netex.model,TopographicPlaceDescriptor_VersionedChildStructure.Qualify,31,0,0,0,12,0,8,0,8,0
netex-java-model,org.rutebanken.netex.model,Point_VersionStructure,198,0,6,0,73,0,42,0,39,0
netex-java-model,org.rutebanken.netex.model,TypeOfConcession,161,0,6,0,57,0,31,0,28,0
netex-java-model,org.rutebanken.netex.model,FlexibleQuayRefStructure,52,0,0,0,20,0,11,0,11,0
netex-java-model,org.rutebanken.netex.model,FareContractSecurityListing_VersionedChildStructure,138,0,6,0,48,0,27,0,24,0
netex-java-model,org.rutebanken.netex.model,PlaceLighting,211,0,6,0,77,0,41,0,38,0
netex-java-model,org.rutebanken.netex.model,ServiceSiteRefStructure,52,0,0,0,20,0,11,0,11,0
netex-java-model,org.rutebanken.netex.model,CarServiceFacilityEnumeration,31,89,4,0,5,11,4,2,2,2
netex-java-model,org.rutebanken.netex.model,LinkSequence_VersionStructure,219,3,6,0,82,1,47,1,44,1
netex-java-model,org.rutebanken.netex.model,PointOfInterestClassificationHierarchy_VersionStructure,168,0,6,0,60,0,33,0,30,0
netex-java-model,org.rutebanken.netex.model,SameTypeOfProductCategoryEnumeration,31,56,4,0,5,8,4,2,2,2
netex-java-model,org.rutebanken.netex.model,AllCountriesRefStructure,47,0,0,0,18,0,10,0,10,0
netex-java-model,org.rutebanken.netex.model,GroupOfEntitiesRefStructure,52,0,0,0,20,0,11,0,11,0
netex-java-model,org.rutebanken.netex.model,DataObjectDeliveryStructure,103,0,0,0,41,0,23,0,23,0
netex-java-model,org.rutebanken.netex.model,TypeOfCodespaceAssignment,156,0,6,0,55,0,30,0,27,0
netex-java-model,org.rutebanken.netex.model,VehicleStoppingPositionRefStructure,52,0,0,0,20,0,11,0,11,0
netex-java-model,org.rutebanken.netex.model,ZoneProjection,166,0,6,0,59,0,32,0,29,0
netex-java-model,org.rutebanken.netex.model,ValidableElementPrices_RelStructure,57,0,8,0,14,0,10,0,6,0
netex-java-model,org.rutebanken.netex.model,DistributionChannelTypeEnumeration,31,133,4,0,5,15,4,2,2,2
netex-java-model,org.rutebanken.netex.model,FlexibleStopPlaceRefs_RelStructure,62,0,8,0,16,0,11,0,7,0
netex-java-model,org.rutebanken.netex.model,DriverTripRefStructure,47,0,0,0,18,0,10,0,10,0
netex-java-model,org.rutebanken.netex.model,PlaceSign,236,0,6,0,87,0,46,0,43,0
netex-java-model,org.rutebanken.netex.model,Service_VersionFrameStructure,637,0,6,0,255,0,149,0,146,0
netex-java-model,org.rutebanken.netex.model,PointOfInterestClassificationHierarchiesInFrame_RelStructure,62,0,8,0,16,0,11,0,7,0
netex-java-model,org.rutebanken.netex.model,PreviousCall,281,0,6,0,105,0,55,0,52,0
netex-java-model,org.rutebanken.netex.model,TurnaroundTimeLimitTimeRefStructure,47,0,0,0,18,0,10,0,10,0
netex-java-model,org.rutebanken.netex.model,PurposeOfJourneyPartitionRefStructure,47,0,0,0,18,0,10,0,10,0
netex-java-model,org.rutebanken.netex.model,TimeStructureFactor_VersionStructure,239,0,6,0,89,0,49,0,46,0
netex-java-model,org.rutebanken.netex.model,CustomerPurchasePackageElementRefStructure,47,0,0,0,18,0,10,0,10,0
netex-java-model,org.rutebanken.netex.model,LuggageServiceFacilityEnumeration,31,89,4,0,5,11,4,2,2,2
netex-java-model,org.rutebanken.netex.model,PassengerInformationEquipmentRefStructure,47,0,0,0,18,0,10,0,10,0
netex-java-model,org.rutebanken.netex.model,CustomersInFrame_RelStructure,57,0,8,0,14,0,10,0,6,0
netex-java-model,org.rutebanken.netex.model,AccessibilityLimitation,141,0,6,0,49,0,27,0,24,0
netex-java-model,org.rutebanken.netex.model,OperatingDepartment_VersionStructure,213,0,6,0,78,0,42,0,39,0
netex-java-model,org.rutebanken.netex.model,PointsOnSection_RelStructure,57,0,8,0,14,0,10,0,6,0
netex-java-model,org.rutebanken.netex.model,FareTables_RelStructure,57,0,8,0,14,0,10,0,6,0
netex-java-model,org.rutebanken.netex.model,VehicleTypePreference,151,0,6,0,53,0,29,0,26,0
netex-java-model,org.rutebanken.netex.model,ReliefPoint_VersionStructure,178,0,6,0,64,0,35,0,32,0
netex-java-model,org.rutebanken.netex.model,JourneyWaitTime_VersionedChildStructure,160,0,6,0,57,0,32,0,29,0
netex-java-model,org.rutebanken.netex.model,PathLinkInSequence,165,0,12,0,52,0,30,0,24,0
netex-java-model,org.rutebanken.netex.model,HireService_VersionStructure,221,0,14,0,73,0,41,0,34,0
netex-java-model,org.rutebanken.netex.model,HailAndRideAreas_RelStructure,62,0,8,0,16,0,11,0,7,0
netex-java-model,org.rutebanken.netex.model,TemplateServiceJourney,451,0,6,0,173,0,89,0,86,0
netex-java-model,org.rutebanken.netex.model,StrictContainmentAggregationStructure,9,3,0,0,3,1,2,1,2,1
netex-java-model,org.rutebanken.netex.model,SeasonEnumeration,31,67,4,0,5,9,4,2,2,2
netex-java-model,org.rutebanken.netex.model,PassengerCapacity,161,0,6,0,57,0,31,0,28,0
netex-java-model,org.rutebanken.netex.model,JourneyLayoverStructure,160,0,6,0,57,0,32,0,29,0
netex-java-model,org.rutebanken.netex.model,PlaceInSequenceRefStructure,52,0,0,0,20,0,11,0,11,0
netex-java-model,org.rutebanken.netex.model,PointOfInterestHierarchyRefStructure,52,0,0,0,20,0,11,0,11,0
netex-java-model,org.rutebanken.netex.model,TimeDemandTypeAssigmentRefStructure,52,0,0,0,20,0,11,0,11,0
netex-java-model,org.rutebanken.netex.model,Operator_VersionStructure.Address,261,0,6,0,97,0,51,0,48,0
netex-java-model,org.rutebanken.netex.model,MealFacilityEnumeration,31,67,4,0,5,9,4,2,2,2
netex-java-model,org.rutebanken.netex.model,SiteComponentRefStructure,52,0,0,0,20,0,11,0,11,0
netex-java-model,org.rutebanken.netex.model,TypeOfRetailDevice,161,0,6,0,57,0,31,0,28,0
netex-java-model,org.rutebanken.netex.model,DistributionChannelsInFrame_RelStructure,57,0,8,0,14,0,10,0,6,0
netex-java-model,org.rutebanken.netex.model,FareScheduledStopPointRefStructure,47,0,0,0,18,0,10,0,10,0
netex-java-model,org.rutebanken.netex.model,UsageValidityPeriod,251,0,6,0,93,0,49,0,46,0
netex-java-model,org.rutebanken.netex.model,ParkingEntranceForVehiclesRefStructure,52,0,0,0,20,0,11,0,11,0
netex-java-model,org.rutebanken.netex.model,SalesOfferPackageSubstitution,151,0,6,0,53,0,29,0,26,0
netex-java-model,org.rutebanken.netex.model,CateringService_VersionStructure,221,0,14,0,73,0,41,0,34,0
netex-java-model,org.rutebanken.netex.model,QualityStructureFactorPrice_VersionedChildStructure,213,0,6,0,78,0,42,0,39,0
netex-java-model,org.rutebanken.netex.model,PointOnLink,141,0,6,0,49,0,27,0,24,0
netex-java-model,org.rutebanken.netex.model,CheckConstraintDelaysInFrame_RelStructure,62,0,8,0,16,0,11,0,7,0
netex-java-model,org.rutebanken.netex.model,RoutingRefStructure,47,0,0,0,18,0,10,0,10,0
netex-java-model,org.rutebanken.netex.model,GeographicalStructureFactorRefStructure,47,0,0,0,18,0,10,0,10,0
netex-java-model,org.rutebanken.netex.model,TimeUnitPrice_VersionedChildStructure,213,0,6,0,78,0,42,0,39,0
netex-java-model,org.rutebanken.netex.model,GroupOfEntities_VersionStructure.InfoLinks,41,0,6,0,9,0,7,0,4,0
netex-java-model,org.rutebanken.netex.model,InterchangeRuleTimingRefStructure,47,0,0,0,18,0,10,0,10,0
netex-java-model,org.rutebanken.netex.model,OfferedTravelSpecification,236,0,6,0,87,0,46,0,43,0
netex-java-model,org.rutebanken.netex.model,TypeOfEquipmentRefStructure,47,0,0,0,18,0,10,0,10,0
netex-java-model,org.rutebanken.netex.model,ClassRefTypeEnumeration,31,45,4,0,5,7,4,2,2,2
netex-java-model,org.rutebanken.netex.model,GeneralFrameMembers_RelStructure,62,0,8,0,16,0,11,0,7,0
netex-java-model,org.rutebanken.netex.model,CrossingEquipmentRefStructure,47,0,0,0,18,0,10,0,10,0
netex-java-model,org.rutebanken.netex.model,GeographicalUnitPrice_VersionedChildStructure,225,0,6,0,83,0,45,0,42,0
netex-java-model,org.rutebanken.netex.model,LuggageLockerEquipment,211,0,6,0,77,0,41,0,38,0
netex-java-model,org.rutebanken.netex.model,PlaceSignStructure,250,0,6,0,93,0,50,0,47,0
netex-java-model,org.rutebanken.netex.model,ReliefOpportunityRefStructure,47,0,0,0,18,0,10,0,10,0
netex-java-model,org.rutebanken.netex.model,SameTypeOfTravelDocumentEnumeration,31,78,4,0,5,10,4,2,2,2
netex-java-model,org.rutebanken.netex.model,CustomerAccountStatusRefs_RelStructure,62,0,8,0,16,0,11,0,7,0
netex-java-model,org.rutebanken.netex.model,PublicationDeliveryStructure,57,39,2,0,23,16,14,10,13,10
netex-java-model,org.rutebanken.netex.model,TypeOfSecurityList_VersionStructure,161,0,6,0,57,0,31,0,28,0
netex-java-model,org.rutebanken.netex.model,UsageDiscountRightRefStructure,47,0,0,0,18,0,10,0,10,0
netex-java-model,org.rutebanken.netex.model,VersionOfObjectRefStructure,100,3,0,0,41,1,25,1,25,1
netex-java-model,org.rutebanken.netex.model,EntranceAttentionEnumeration,31,67,4,0,5,9,4,2,2,2
netex-java-model,org.rutebanken.netex.model,MobilityFacilityEnumeration,31,122,4,0,5,14,4,2,2,2
netex-java-model,org.rutebanken.netex.model,TypeOfPassengerInformationEquipmentRefStructure,47,0,0,0,18,0,10,0,10,0
netex-java-model,org.rutebanken.netex.model,TypeOfPlaceRefs_RelStructure,62,0,8,0,16,0,11,0,7,0
netex-java-model,org.rutebanken.netex.model,ClassificationDescriptor_VersionStructure,156,0,6,0,55,0,30,0,27,0
netex-java-model,org.rutebanken.netex.model,DistanceMatrixElementPrice_VersionedChildStructure,225,0,6,0,83,0,45,0,42,0
netex-java-model,org.rutebanken.netex.model,Entity_EntityStructure,53,0,0,0,21,0,13,0,13,0
netex-java-model,org.rutebanken.netex.model,BookingArrangementsStructure,181,0,16,0,57,0,37,0,29,0
netex-java-model,org.rutebanken.netex.model,DefaultServiceJourneyRunTime_VersionedChildStructure,160,0,6,0,57,0,32,0,29,0
netex-java-model,org.rutebanken.netex.model,Network,279,0,18,0,91,0,51,0,42,0
netex-java-model,org.rutebanken.netex.model,ParkingPassengerEntrance_VersionStructure,402,0,12,0,147,0,78,0,72,0
netex-java-model,org.rutebanken.netex.model,GroupOfTimingLinks_RelStructure,168,0,6,0,60,0,33,0,30,0
netex-java-model,org.rutebanken.netex.model,StopFinderRequestRefStructure,47,0,0,0,18,0,10,0,10,0
netex-java-model,org.rutebanken.netex.model,CompoundBlockStructure,198,0,6,0,73,0,42,0,39,0
netex-java-model,org.rutebanken.netex.model,StopPlaceSpaceRefStructure,52,0,0,0,20,0,11,0,11,0
netex-java-model,org.rutebanken.netex.model,FrequencyGroupsInFrame_RelStructure,62,0,8,0,16,0,11,0,7,0
netex-java-model,org.rutebanken.netex.model,RoutePointRefStructure,47,0,0,0,18,0,10,0,10,0
netex-java-model,org.rutebanken.netex.model,DataObjectRequestStructure.Topics,19,0,0,0,7,0,5,0,5,0
netex-java-model,org.rutebanken.netex.model,Train_VersionStructure,275,0,6,0,103,0,55,0,52,0
netex-java-model,org.rutebanken.netex.model,SalesOfferPackagePrice,211,0,6,0,77,0,41,0,38,0
netex-java-model,org.rutebanken.netex.model,StopPlacesInFrame_RelStructure,59,3,8,0,15,1,10,1,6,1
netex-java-model,org.rutebanken.netex.model,SystemOfUnits,31,45,4,0,5,7,4,2,2,2
netex-java-model,org.rutebanken.netex.model,PathJunction_VersionStructure,276,0,6,0,105,0,60,0,57,0
netex-java-model,org.rutebanken.netex.model,TariffRefs_RelStructure,62,0,8,0,16,0,11,0,7,0
netex-java-model,org.rutebanken.netex.model,UsageValidityTypeEnumeration,31,177,4,0,5,19,4,2,2,2
netex-java-model,org.rutebanken.netex.model,CustomerPurchasePackageElementAccess_VersionedChildStructure,183,0,6,0,67,0,39,0,36,0
netex-java-model,org.rutebanken.netex.model,CustomerSecurityListingRefs_RelStructure,62,0,8,0,16,0,11,0,7,0
netex-java-model,org.rutebanken.netex.model,FareTableColumn,146,0,6,0,51,0,28,0,25,0
netex-java-model,org.rutebanken.netex.model,TransportSubmodeStructure,127,0,0,0,52,0,32,0,32,0
netex-java-model,org.rutebanken.netex.model,ValidBetween_VersionStructure,153,17,6,0,54,7,29,5,26,5
netex-java-model,org.rutebanken.netex.model,CoupledJourney_VersionStructure,174,0,6,0,63,0,36,0,33,0
netex-java-model,org.rutebanken.netex.model,ResidentialQualification,146,0,6,0,51,0,28,0,25,0
netex-java-model,org.rutebanken.netex.model,TypeOfLinkRefStructure,47,0,0,0,18,0,10,0,10,0
netex-java-model,org.rutebanken.netex.model,StandardFareTableRefStructure,52,0,0,0,20,0,11,0,11,0
netex-java-model,org.rutebanken.netex.model,Network_DerivedViewStructure,53,0,0,0,21,0,13,0,13,0
netex-java-model,org.rutebanken.netex.model,CommonCell_VersionedChildStructure,183,0,6,0,67,0,39,0,36,0
netex-java-model,org.rutebanken.netex.model,TypeOfLineRefStructure,47,0,0,0,18,0,10,0,10,0
netex-java-model,org.rutebanken.netex.model,TypeOfUsageParameters_RelStructure,62,0,8,0,16,0,11,0,7,0
netex-java-model,org.rutebanken.netex.model,OnBecomingEnumeration,31,56,4,0,5,8,4,2,2,2
netex-java-model,org.rutebanken.netex.model,CourseOfJourneysRefStructure,47,0,0,0,18,0,10,0,10,0
netex-java-model,org.rutebanken.netex.model,ServiceFrame,371,0,6,0,141,0,73,0,70,0
netex-java-model,org.rutebanken.netex.model,Via_VersionedChildStructure,171,0,6,0,62,0,36,0,33,0
netex-java-model,org.rutebanken.netex.model,PointOfInterestVehicleEntrance,390,0,12,0,142,0,75,0,69,0
netex-java-model,org.rutebanken.netex.model,ExchangableToEnumeration,31,133,4,0,5,15,4,2,2,2
netex-java-model,org.rutebanken.netex.model,CustomerPurchasePackageElement,216,0,6,0,79,0,42,0,39,0
netex-java-model,org.rutebanken.netex.model,Infrastructure_VersionFrameStructure,397,0,6,0,155,0,89,0,86,0
netex-java-model,org.rutebanken.netex.model,FareContractsInFrame_RelStructure,57,0,8,0,14,0,10,0,6,0
netex-java-model,org.rutebanken.netex.model,PriceRuleStepResults_RelStructure,57,0,8,0,14,0,10,0,6,0
netex-java-model,org.rutebanken.netex.model,DutyPartsInFrame_RelStructure,62,0,8,0,16,0,11,0,7,0
netex-java-model,org.rutebanken.netex.model,LogicalDisplayRefStructure,47,0,0,0,18,0,10,0,10,0
netex-java-model,org.rutebanken.netex.model,TrainNumber_VersionStructure,162,0,6,0,58,0,33,0,30,0
netex-java-model,org.rutebanken.netex.model,PriceableObject_VersionStructure.InfoLinks,41,0,6,0,9,0,7,0,4,0
netex-java-model,org.rutebanken.netex.model,Timeband,151,0,6,0,53,0,29,0,26,0
netex-java-model,org.rutebanken.netex.model,ResponsibilityRoleAssignments_RelStructure,57,0,8,0,14,0,10,0,6,0
netex-java-model,org.rutebanken.netex.model,CountriesInFrame_RelStructure,62,0,8,0,16,0,11,0,7,0
netex-java-model,org.rutebanken.netex.model,Department,201,0,6,0,73,0,39,0,36,0
netex-java-model,org.rutebanken.netex.model,DatedSpecialServiceRefStructure,47,0,0,0,18,0,10,0,10,0
netex-java-model,org.rutebanken.netex.model,GroupOfLinks,161,0,6,0,57,0,31,0,28,0
netex-java-model,org.rutebanken.netex.model,PointOnRoute_VersionedChildStructure,167,0,6,0,60,0,34,0,31,0
netex-java-model,org.rutebanken.netex.model,VehiclesInFrame_RelStructure,62,0,8,0,16,0,11,0,7,0
netex-java-model,org.rutebanken.netex.model,TypeOfOrganisationPartRefStructure,47,0,0,0,18,0,10,0,10,0
netex-java-model,org.rutebanken.netex.model,SecuritylistRefs_RelStructure,62,0,8,0,16,0,11,0,7,0
netex-java-model,org.rutebanken.netex.model,TypeOfPricingRuleRefs_RelStructure,62,0,8,0,16,0,11,0,7,0
netex-java-model,org.rutebanken.netex.model,RoadJunction_VersionStructure,156,0,6,0,55,0,30,0,27,0
netex-java-model,org.rutebanken.netex.model,ReliefOpportunity,151,0,6,0,53,0,29,0,26,0
netex-java-model,org.rutebanken.netex.model,BlackoutStartEnumeration,31,56,4,0,5,8,4,2,2,2
netex-java-model,org.rutebanken.netex.model,AssistanceServiceRefStructure,47,0,0,0,18,0,10,0,10,0
netex-java-model,org.rutebanken.netex.model,ContinuousModeEnumeration,142,0,4,0,18,0,6,0,4,0
netex-java-model,org.rutebanken.netex.model,ParkingComponent_VersionStructure,412,0,12,0,152,0,83,0,77,0
netex-java-model,org.rutebanken.netex.model,AccommodationRefStructure,47,0,0,0,18,0,10,0,10,0
netex-java-model,org.rutebanken.netex.model,DestinationDisplayViews_RelStructure,62,0,8,0,16,0,11,0,7,0
netex-java-model,org.rutebanken.netex.model,StopPlace_VersionStructure,763,3,20,0,289,1,164,1,154,1
netex-java-model,org.rutebanken.netex.model,LinkOnSection_VersionedChildStructure,167,0,6,0,60,0,34,0,31,0
netex-java-model,org.rutebanken.netex.model,UsedInRefs_RelStructure,62,0,8,0,16,0,11,0,7,0
netex-java-model,org.rutebanken.netex.model,ViaTypeEnumeration,31,45,4,0,5,7,4,2,2,2
netex-java-model,org.rutebanken.netex.model,Layer_VersionStructure,192,0,6,0,70,0,39,0,36,0
netex-java-model,org.rutebanken.netex.model,OrganisationalUnits_RelStructure,62,0,8,0,16,0,11,0,7,0
netex-java-model,org.rutebanken.netex.model,StaircaseEquipment,266,0,6,0,99,0,52,0,49,0
netex-java-model,org.rutebanken.netex.model,DeltaStructure,91,0,0,0,37,0,23,0,23,0
netex-java-model,org.rutebanken.netex.model,FlexibleLine_VersionStructure,535,0,34,0,179,0,103,0,86,0
netex-java-model,org.rutebanken.netex.model,EntitlementTypeEnumeration,31,67,4,0,5,9,4,2,2,2
netex-java-model,org.rutebanken.netex.model,OperatingPeriodsInFrame_RelStructure,62,0,8,0,16,0,11,0,7,0
netex-java-model,org.rutebanken.netex.model,ExchangingRefStructure,47,0,0,0,18,0,10,0,10,0
netex-java-model,org.rutebanken.netex.model,VehicleTypePreferenceRefStructure,47,0,0,0,18,0,10,0,10,0
netex-java-model,org.rutebanken.netex.model,GeneralZone,186,0,6,0,67,0,36,0,33,0
netex-java-model,org.rutebanken.netex.model,ProofOfIdentityEnumeration,31,166,4,0,5,18,4,2,2,2
netex-java-model,org.rutebanken.netex.model,Cancelling,191,0,6,0,69,0,37,0,34,0
netex-java-model,org.rutebanken.netex.model,HeadwayRefStructure,47,0,0,0,18,0,10,0,10,0
netex-java-model,org.rutebanken.netex.model,TypeOfLinkSequenceRefStructure,47,0,0,0,18,0,10,0,10,0
netex-java-model,org.rutebanken.netex.model,SuspensionPolicyEnumeration,31,67,4,0,5,9,4,2,2,2
netex-java-model,org.rutebanken.netex.model,EntranceRefs_RelStructure,62,0,8,0,16,0,11,0,7,0
netex-java-model,org.rutebanken.netex.model,LineLinkRefByValueStructure,47,0,0,0,18,0,10,0,10,0
netex-java-model,org.rutebanken.netex.model,DiscountingRuleRefStructure,47,0,0,0,18,0,10,0,10,0
netex-java-model,org.rutebanken.netex.model,CappingRuleRefStructure,47,0,0,0,18,0,10,0,10,0
netex-java-model,org.rutebanken.netex.model,WaitingRoomEquipmentRefStructure,47,0,0,0,18,0,10,0,10,0
netex-java-model,org.rutebanken.netex.model,DisplayAssignmentTypeEnumeration,31,45,4,0,5,7,4,2,2,2
netex-java-model,org.rutebanken.netex.model,ParkingPriceRefStructure,47,0,0,0,18,0,10,0,10,0
netex-java-model,org.rutebanken.netex.model,OfferedTravelSpecifications_RelStructure,62,0,8,0,16,0,11,0,7,0
netex-java-model,org.rutebanken.netex.model,ValidityRuleParameter,176,0,6,0,63,0,34,0,31,0
netex-java-model,org.rutebanken.netex.model,TransferDurationStructure,55,0,0,0,22,0,14,0,14,0
netex-java-model,org.rutebanken.netex.model,PassengerSafetyEquipment,226,0,6,0,83,0,44,0,41,0
netex-java-model,org.rutebanken.netex.model,QueueManagementEnumeration,31,67,4,0,5,9,4,2,2,2
netex-java-model,org.rutebanken.netex.model,CappingRule,279,0,18,0,91,0,51,0,42,0
netex-java-model,org.rutebanken.netex.model,ControllableElementsInSequence_RelStructure,57,0,8,0,14,0,10,0,6,0
netex-java-model,org.rutebanken.netex.model,DataObjectServiceCapabilitiesStructure.TopicFiltering,19,0,0,0,7,0,5,0,5,0
netex-java-model,org.rutebanken.netex.model,GenderLimitationEnumeration,31,56,4,0,5,8,4,2,2,2
netex-java-model,org.rutebanken.netex.model,DatedVehicleJourney,371,0,6,0,141,0,73,0,70,0
netex-java-model,org.rutebanken.netex.model,ValidityTriggers_RelStructure,62,0,8,0,16,0,11,0,7,0
netex-java-model,org.rutebanken.netex.model,ZoneProjection_VersionStructure,194,0,6,0,71,0,40,0,37,0
netex-java-model,org.rutebanken.netex.model,SecurityLists_RelStructure,62,0,8,0,16,0,11,0,7,0
netex-java-model,org.rutebanken.netex.model,UserProfileEligibility,126,0,6,0,43,0,24,0,21,0
netex-java-model,org.rutebanken.netex.model,ModeRefStructure,59,0,0,0,23,0,13,0,13,0
netex-java-model,org.rutebanken.netex.model,ResponsibilitySetRefStructure,47,0,0,0,18,0,10,0,10,0
netex-java-model,org.rutebanken.netex.model,LinkOnSection,146,0,6,0,51,0,28,0,25,0
netex-java-model,org.rutebanken.netex.model,RequestedTravelSpecification_VersionStructure,236,0,6,0,87,0,46,0,43,0
netex-java-model,org.rutebanken.netex.model,WireLinkRefStructure,47,0,0,0,18,0,10,0,10,0
netex-java-model,org.rutebanken.netex.model,SchematicMapMember_VersionedChildStructure,207,0,6,0,77,0,45,0,42,0
netex-java-model,org.rutebanken.netex.model,RouteInstruction_VersionStructure,246,0,6,0,93,0,54,0,51,0
netex-java-model,org.rutebanken.netex.model,PathLinksInFrame_RelStructure,62,0,8,0,16,0,11,0,7,0
netex-java-model,org.rutebanken.netex.model,SeriesConstraintRefs_RelStructure,62,0,8,0,16,0,11,0,7,0
netex-java-model,org.rutebanken.netex.model,TransferRestriction_VersionStructure,201,0,6,0,74,0,42,0,39,0
netex-java-model,org.rutebanken.netex.model,JourneyPatternRunTimeRefStructure,47,0,0,0,18,0,10,0,10,0
netex-java-model,org.rutebanken.netex.model,FareStructureElementPrices_RelStructure,57,0,8,0,14,0,10,0,6,0
netex-java-model,org.rutebanken.netex.model,Organisation_DerivedViewStructure,101,0,0,0,41,0,25,0,25,0
netex-java-model,org.rutebanken.netex.model,OfferedTravelSpecification_VersionStructure,236,0,6,0,87,0,46,0,43,0
netex-java-model,org.rutebanken.netex.model,TopographicPlaceDescriptors_RelStructure,57,0,8,0,14,0,10,0,6,0
netex-java-model,org.rutebanken.netex.model,SitePathLinkRefStructure,47,0,0,0,18,0,10,0,10,0
netex-java-model,org.rutebanken.netex.model,VehicleJourneyLayover,151,0,6,0,53,0,29,0,26,0
netex-java-model,org.rutebanken.netex.model,CrowdingEnumeration,31,67,4,0,5,9,4,2,2,2
netex-java-model,org.rutebanken.netex.model,ContactStructure,76,3,0,0,31,1,19,1,19,1
netex-java-model,org.rutebanken.netex.model,DatedServiceJourney_VersionStructure,477,0,6,0,184,0,96,0,93,0
netex-java-model,org.rutebanken.netex.model,PointOfInterestClassificationsViews_RelStructure,62,0,8,0,16,0,11,0,7,0
netex-java-model,org.rutebanken.netex.model,TypesOfCustomerAccount_RelStructure,62,0,8,0,16,0,11,0,7,0
netex-java-model,org.rutebanken.netex.model,CourseOfJourneys_VersionStructure,258,0,6,0,98,0,57,0,54,0
netex-java-model,org.rutebanken.netex.model,PurposeOfJourneyPartition_ValueStructure,156,0,6,0,55,0,30,0,27,0
netex-java-model,org.rutebanken.netex.model,TypeOfLine,161,0,6,0,57,0,31,0,28,0
netex-java-model,org.rutebanken.netex.model,NetworkRefStructure,52,0,0,0,20,0,11,0,11,0
netex-java-model,org.rutebanken.netex.model,TypeOfLink,161,0,6,0,57,0,31,0,28,0
netex-java-model,org.rutebanken.netex.model,TypeOfCustomerAccount_VersionStructure,161,0,6,0,57,0,31,0,28,0
netex-java-model,org.rutebanken.netex.model,SimpleFeature,166,0,6,0,59,0,32,0,29,0
netex-java-model,org.rutebanken.netex.model,LimitationStatusEnumeration,31,56,4,0,5,8,4,2,2,2
netex-java-model,org.rutebanken.netex.model,VehicleTypePreferenceRef,47,0,0,0,18,0,10,0,10,0
netex-java-model,org.rutebanken.netex.model,PreassignedFareProductRefStructure,47,0,0,0,18,0,10,0,10,0
netex-java-model,org.rutebanken.netex.model,AccessRefs_RelStructure,62,0,8,0,16,0,11,0,7,0
netex-java-model,org.rutebanken.netex.model,TypeOfZoneRefStructure,47,0,0,0,18,0,10,0,10,0
netex-java-model,org.rutebanken.netex.model,PathDirectionEnumeration,31,34,4,0,5,6,4,2,2,2
netex-java-model,org.rutebanken.netex.model,PlaceSignRefStructure,47,0,0,0,18,0,10,0,10,0
netex-java-model,org.rutebanken.netex.model,ReliefOpportunitiesInFrame_RelStructure,62,0,8,0,16,0,11,0,7,0
netex-java-model,org.rutebanken.netex.model,NavigationPath_VersionStructure,448,0,22,0,159,0,94,0,83,0
netex-java-model,org.rutebanken.netex.model,SalesOfferPackageEntitlementRequired_VersionStructure,222,0,6,0,82,0,45,0,42,0
netex-java-model,org.rutebanken.netex.model,GroupOfServicesRefs_RelStructure,62,0,8,0,16,0,11,0,7,0
netex-java-model,org.rutebanken.netex.model,BookingAccessEnumeration,31,56,4,0,5,8,4,2,2,2
netex-java-model,org.rutebanken.netex.model,CustomerPurchasePackageElementAccess,141,0,6,0,49,0,27,0,24,0
netex-java-model,org.rutebanken.netex.model,LeftLuggageService_VersionStructure,284,0,6,0,108,0,61,0,58,0
netex-java-model,org.rutebanken.netex.model,EquipmentRefStructure,47,0,0,0,18,0,10,0,10,0
netex-java-model,org.rutebanken.netex.model,LightingEnumeration,31,67,4,0,5,9,4,2,2,2
netex-java-model,org.rutebanken.netex.model,TravelDocumentSecurityListing,131,0,6,0,45,0,25,0,22,0
netex-java-model,org.rutebanken.netex.model,TravelDocumentsInFrame_RelStructure,57,0,8,0,14,0,10,0,6,0
netex-java-model,org.rutebanken.netex.model,GroupsOfLinesInFrame_RelStructure,62,0,8,0,16,0,11,0,7,0
netex-java-model,org.rutebanken.netex.model,JourneyPartRefs_RelStructure,62,0,8,0,16,0,11,0,7,0
netex-java-model,org.rutebanken.netex.model,AccessVehicleEquipmentRefStructure,47,0,0,0,18,0,10,0,10,0
netex-java-model,org.rutebanken.netex.model,TrainBlock,221,0,6,0,81,0,43,0,40,0
netex-java-model,org.rutebanken.netex.model,DataSourcesInFrame_RelStructure,62,0,8,0,16,0,11,0,7,0
netex-java-model,org.rutebanken.netex.model,MeetingRestriction,166,0,6,0,59,0,32,0,29,0
netex-java-model,org.rutebanken.netex.model,DriverSchedule_VersionFrameStructure.DutyParts,51,0,6,0,13,0,9,0,6,0
netex-java-model,org.rutebanken.netex.model,LineShape,146,0,6,0,51,0,28,0,25,0
netex-java-model,org.rutebanken.netex.model,PropertyOfDayStructure,306,22,38,2,84,8,56,5,37,4
netex-java-model,org.rutebanken.netex.model,ValidityCondition,146,0,6,0,51,0,28,0,25,0
netex-java-model,org.rutebanken.netex.model,LinksInJourneyPattern_RelStructure,57,0,8,0,14,0,10,0,6,0
netex-java-model,org.rutebanken.netex.model,PassengerCapacityRefStructure,47,0,0,0,18,0,10,0,10,0
netex-java-model,org.rutebanken.netex.model,RoadPointRefStructure,47,0,0,0,18,0,10,0,10,0
netex-java-model,org.rutebanken.netex.model,UserNeed_VersionedChildStructure,183,0,6,0,67,0,39,0,36,0
netex-java-model,org.rutebanken.netex.model,ActivationPoint,176,0,6,0,63,0,34,0,31,0
netex-java-model,org.rutebanken.netex.model,FareTableRow,146,0,6,0,51,0,28,0,25,0
netex-java-model,org.rutebanken.netex.model,UsageParameterRefStructure,47,0,0,0,18,0,10,0,10,0
netex-java-model,org.rutebanken.netex.model,TypeOfOrganisationRefs_RelStructure,62,0,8,0,16,0,11,0,7,0
netex-java-model,org.rutebanken.netex.model,PathLinkInSequenceRefStructure,52,0,0,0,20,0,11,0,11,0
netex-java-model,org.rutebanken.netex.model,ResponsibilitySet,141,0,6,0,49,0,27,0,24,0
netex-java-model,org.rutebanken.netex.model,DiscountingRule,186,0,6,0,67,0,36,0,33,0
netex-java-model,org.rutebanken.netex.model,Call_VersionedChildStructure.NoticeAssignments,51,0,6,0,13,0,9,0,6,0
netex-java-model,org.rutebanken.netex.model,CustomerPurchasePackageRefStructure,47,0,0,0,18,0,10,0,10,0
netex-java-model,org.rutebanken.netex.model,EntitlementGivenRefStructure,47,0,0,0,18,0,10,0,10,0
netex-java-model,org.rutebanken.netex.model,EntitlementProductRefStructure,47,0,0,0,18,0,10,0,10,0
netex-java-model,org.rutebanken.netex.model,DirectionRefStructure,47,0,0,0,18,0,10,0,10,0
netex-java-model,org.rutebanken.netex.model,DriverTripTime,146,0,6,0,51,0,28,0,25,0
netex-java-model,org.rutebanken.netex.model,ActivatedEquipment_VersionStructure,207,0,6,0,76,0,42,0,39,0
netex-java-model,org.rutebanken.netex.model,AllOrganisationsRefStructure,47,0,0,0,18,0,10,0,10,0
netex-java-model,org.rutebanken.netex.model,Assignment_VersionStructure_,162,0,6,0,58,0,33,0,30,0
netex-java-model,org.rutebanken.netex.model,TimeIntervals_RelStructure,62,0,8,0,16,0,11,0,7,0
netex-java-model,org.rutebanken.netex.model,PriceUnitRefStructure,47,0,0,0,18,0,10,0,10,0
netex-java-model,org.rutebanken.netex.model,TimetabledPassingTimes_RelStructure,48,9,7,1,11,3,8,2,4,2
netex-java-model,org.rutebanken.netex.model,CyclesOnServiceEnumeration,98,0,4,0,14,0,6,0,4,0
netex-java-model,org.rutebanken.netex.model,AbstractGroupMember_VersionedChildStructure,135,0,6,0,47,0,27,0,24,0
netex-java-model,org.rutebanken.netex.model,ComplexFeatureMembers_RelStructure,62,0,8,0,16,0,11,0,7,0
netex-java-model,org.rutebanken.netex.model,TypeOfsalesOfferPackageRefs_RelStructure,62,0,8,0,16,0,11,0,7,0
netex-java-model,org.rutebanken.netex.model,TypesOfAccountStatus_RelStructure,62,0,8,0,16,0,11,0,7,0
netex-java-model,org.rutebanken.netex.model,VehicleJourneyHeadway_VersionedChildStructure,175,0,6,0,63,0,35,0,32,0
netex-java-model,org.rutebanken.netex.model,ThirdPartyProductRefs_RelStructure,62,0,8,0,16,0,11,0,7,0
netex-java-model,org.rutebanken.netex.model,GroupOfLinkSequences_RelStructure,57,0,8,0,14,0,10,0,6,0
netex-java-model,org.rutebanken.netex.model,ParkingTariffsInFrame_RelStructure,62,0,8,0,16,0,11,0,7,0
netex-java-model,org.rutebanken.netex.model,VehicleJourneyStopAssignments_RelStructure,62,0,8,0,16,0,11,0,7,0
netex-java-model,org.rutebanken.netex.model,GradientEnumeration,31,67,4,0,5,9,4,2,2,2
netex-java-model,org.rutebanken.netex.model,GroupOfSalesOfferPackages_VersionStructure,324,0,6,0,125,0,72,0,69,0
netex-java-model,org.rutebanken.netex.model,SignContentEnumeration,31,144,4,0,5,16,4,2,2,2
netex-java-model,org.rutebanken.netex.model,AddressablePlaceRefStructure,52,0,0,0,20,0,11,0,11,0
netex-java-model,org.rutebanken.netex.model,TypeOfVersion,156,0,6,0,55,0,30,0,27,0
netex-java-model,org.rutebanken.netex.model,PenaltyPolicyRefStructure,47,0,0,0,18,0,10,0,10,0
netex-java-model,org.rutebanken.netex.model,AdministrativeZone_VersionStructure,246,0,6,0,92,0,51,0,48,0
netex-java-model,org.rutebanken.netex.model,RelativeOperatorEnumeration,6,64,0,0,2,7,2,1,2,1
netex-java-model,org.rutebanken.netex.model,AdministrativeZone,211,0,6,0,77,0,41,0,38,0
netex-java-model,org.rutebanken.netex.model,TrainInCompoundTrainRefStructure,47,0,0,0,18,0,10,0,10,0
netex-java-model,org.rutebanken.netex.model,TypeOfTariff_ValueStructure,161,0,6,0,57,0,31,0,28,0
netex-java-model,org.rutebanken.netex.model,TypeOfValue_VersionStructure,198,0,6,0,73,0,42,0,39,0
netex-java-model,org.rutebanken.netex.model,StopUseConstraintEnumeration,31,45,4,0,5,7,4,2,2,2
netex-java-model,org.rutebanken.netex.model,DepartmentRefs_RelStructure,62,0,8,0,16,0,11,0,7,0
netex-java-model,org.rutebanken.netex.model,LimitedUseTypeEnumeration,31,78,4,0,5,10,4,2,2,2
netex-java-model,org.rutebanken.netex.model,RoadLinkRefByValueStructure,47,0,0,0,18,0,10,0,10,0
netex-java-model,org.rutebanken.netex.model,ServiceJourneyInterchange_VersionStructure,349,0,12,0,127,0,71,0,65,0
netex-java-model,org.rutebanken.netex.model,RhythmicalJourneyGroup,191,0,6,0,69,0,37,0,34,0
netex-java-model,org.rutebanken.netex.model,SalesTransactionRefs_RelStructure,62,0,8,0,16,0,11,0,7,0
netex-java-model,org.rutebanken.netex.model,TypeOfFareContract,161,0,6,0,57,0,31,0,28,0
netex-java-model,org.rutebanken.netex.model,LineSection_VersionStructure,265,0,6,0,100,0,56,0,53,0
netex-java-model,org.rutebanken.netex.model,PurchaseWhenEnumeration,31,89,4,0,5,11,4,2,2,2
netex-java-model,org.rutebanken.netex.model,BlacklistRefs_RelStructure,62,0,8,0,16,0,11,0,7,0
netex-java-model,org.rutebanken.netex.model,FulfilmentMethods_RelStructure,62,0,8,0,16,0,11,0,7,0
netex-java-model,org.rutebanken.netex.model,TypeOfTransfer,161,0,6,0,57,0,31,0,28,0
netex-java-model,org.rutebanken.netex.model,VehicleEntrances_RelStructure,62,0,8,0,16,0,11,0,7,0
netex-java-model,org.rutebanken.netex.model,BoardingPosition_VersionStructure,490,0,18,0,176,0,95,0,86,0
netex-java-model,org.rutebanken.netex.model,StopArea,206,0,6,0,75,0,40,0,37,0
netex-java-model,org.rutebanken.netex.model,PointOnLink_VersionedChildStructure,183,0,6,0,67,0,39,0,36,0
netex-java-model,org.rutebanken.netex.model,AccountableElement,151,0,6,0,53,0,29,0,26,0
netex-java-model,org.rutebanken.netex.model,AddressRefStructure,52,0,0,0,20,0,11,0,11,0
netex-java-model,org.rutebanken.netex.model,VehicleJourneyRunTime_VersionedChildStructure,158,0,6,0,56,0,31,0,28,0
netex-java-model,org.rutebanken.netex.model,WireJunction_VersionStructure,156,0,6,0,55,0,30,0,27,0
netex-java-model,org.rutebanken.netex.model,TypeOfFlexibleService_ValueStructure,161,0,6,0,57,0,31,0,28,0
netex-java-model,org.rutebanken.netex.model,NavigationTypeEnumeration,31,155,4,0,5,17,4,2,2,2
netex-java-model,org.rutebanken.netex.model,PlaceEquipments_RelStructure,62,0,8,0,16,0,11,0,7,0
netex-java-model,org.rutebanken.netex.model,GroupCheckInEnumeration,31,45,4,0,5,7,4,2,2,2
netex-java-model,org.rutebanken.netex.model,Journey_VersionStructure,295,3,6,0,113,1,64,1,61,1
netex-java-model,org.rutebanken.netex.model,TimetableFrameRefStructure,47,0,0,0,18,0,10,0,10,0
netex-java-model,org.rutebanken.netex.model,ReliefPointRefStructure,47,0,0,0,18,0,10,0,10,0
netex-java-model,org.rutebanken.netex.model,GroupOfPoints,161,0,6,0,57,0,31,0,28,0
netex-java-model,org.rutebanken.netex.model,InfrastructureFrame,271,0,6,0,101,0,53,0,50,0
netex-java-model,org.rutebanken.netex.model,OrganisationRefStructure,47,0,0,0,18,0,10,0,10,0
netex-java-model,org.rutebanken.netex.model,GroupOfStopPlacesStructure,348,0,6,0,135,0,78,0,75,0
netex-java-model,org.rutebanken.netex.model,AssistedBoardingLocationEnumeration,31,45,4,0,5,7,4,2,2,2
netex-java-model,org.rutebanken.netex.model,TypeOfFareProducts_RelStructure,62,0,8,0,16,0,11,0,7,0
netex-java-model,org.rutebanken.netex.model,StandardFareTable_VersionStructure,288,0,6,0,110,0,63,0,60,0
netex-java-model,org.rutebanken.netex.model,Operator_VersionStructure,370,0,20,0,127,0,72,0,62,0
netex-java-model,org.rutebanken.netex.model,RetailConsortium,290,0,12,0,102,0,55,0,49,0
netex-java-model,org.rutebanken.netex.model,CodespacesInFrame_RelStructure,62,0,8,0,16,0,11,0,7,0
netex-java-model,org.rutebanken.netex.model,ParkingPassengerEntranceRef,52,0,0,0,20,0,11,0,11,0
netex-java-model,org.rutebanken.netex.model,TypeOfSalesOfferPackage,161,0,6,0,57,0,31,0,28,0
netex-java-model,org.rutebanken.netex.model,DatedSpecialService_VersionStructure,488,0,18,0,176,0,97,0,88,0
netex-java-model,org.rutebanken.netex.model,Organisation_VersionStructure.ValidityPeriod,156,0,6,0,55,0,30,0,27,0
netex-java-model,org.rutebanken.netex.model,PassengerSeatRefStructure,47,0,0,0,18,0,10,0,10,0
netex-java-model,org.rutebanken.netex.model,ParkingAreaRefStructure,52,0,0,0,20,0,11,0,11,0
netex-java-model,org.rutebanken.netex.model,FareStructureElement,276,0,6,0,103,0,54,0,51,0
netex-java-model,org.rutebanken.netex.model,GeneralFrame,186,0,6,0,67,0,36,0,33,0
netex-java-model,org.rutebanken.netex.model,EntitlementProduct,201,0,6,0,73,0,39,0,36,0
netex-java-model,org.rutebanken.netex.model,TypeOfFareContract_VersionStructure,161,0,6,0,57,0,31,0,28,0
netex-java-model,org.rutebanken.netex.model,Routing_VersionStructure,234,0,6,0,87,0,48,0,45,0
netex-java-model,org.rutebanken.netex.model,LinkRefStructure,47,0,0,0,18,0,10,0,10,0
netex-java-model,org.rutebanken.netex.model,AvailabilityCondition_VersionStructure,213,3,6,0,79,1,44,1,41,1
netex-java-model,org.rutebanken.netex.model,CustomerPurchasePackageRefs_RelStructure,62,0,8,0,16,0,11,0,7,0
netex-java-model,org.rutebanken.netex.model,MediaTypeEnumeration,31,133,4,0,5,15,4,2,2,2
netex-java-model,org.rutebanken.netex.model,StaircaseEquipment_VersionStructure,301,0,6,0,114,0,62,0,59,0
netex-java-model,org.rutebanken.netex.model,DestinationDisplaysInFrame_RelStructure,62,0,8,0,16,0,11,0,7,0
netex-java-model,org.rutebanken.netex.model,GaragePointRefStructure,47,0,0,0,18,0,10,0,10,0
netex-java-model,org.rutebanken.netex.model,PointOfInterestClassification,161,0,6,0,57,0,31,0,28,0
netex-java-model,org.rutebanken.netex.model,DeltaStructure.FromVersionRef,17,0,0,0,6,0,4,0,4,0
netex-java-model,org.rutebanken.netex.model,SchematicMapsInFrame_RelStructure,62,0,8,0,16,0,11,0,7,0
netex-java-model,org.rutebanken.netex.model,AvailabilityConditions_RelStructure,62,0,8,0,16,0,11,0,7,0
netex-java-model,org.rutebanken.netex.model,CommunicationServiceRefStructure,47,0,0,0,18,0,10,0,10,0
netex-java-model,org.rutebanken.netex.model,PresentationStructure,139,0,0,0,57,0,35,0,35,0
netex-java-model,org.rutebanken.netex.model,OtherOrganisationRefStructure,47,0,0,0,18,0,10,0,10,0
netex-java-model,org.rutebanken.netex.model,ComplexFeature_VersionStructure,185,0,6,0,67,0,37,0,34,0
netex-java-model,org.rutebanken.netex.model,SingleTripFareRequestRefStructure,47,0,0,0,18,0,10,0,10,0
netex-java-model,org.rutebanken.netex.model,TypeOfOperation_ValueStructure,161,0,6,0,57,0,31,0,28,0
netex-java-model,org.rutebanken.netex.model,JourneyPattern,251,0,6,0,93,0,49,0,46,0
netex-java-model,org.rutebanken.netex.model,PointsInJourneyPattern_RelStructure,57,0,8,0,14,0,10,0,6,0
netex-java-model,org.rutebanken.netex.model,TimeUnitPrice,206,0,6,0,75,0,40,0,37,0
netex-java-model,org.rutebanken.netex.model,GaragePoint_VersionStructure,171,0,6,0,61,0,33,0,30,0
netex-java-model,org.rutebanken.netex.model,TypesOfFareContractEntry_RelStructure,62,0,8,0,16,0,11,0,7,0
netex-java-model,org.rutebanken.netex.model,Notice_VersionStructure,246,0,6,0,93,0,54,0,51,0
netex-java-model,org.rutebanken.netex.model,ServiceLinkInJourneyPattern_VersionedChildStructure,167,0,6,0,60,0,34,0,31,0
netex-java-model,org.rutebanken.netex.model,ReservedSpaceFacilityEnumeration,31,100,4,0,5,12,4,2,2,2
netex-java-model,org.rutebanken.netex.model,ModalLinkRefByValueStructure,59,0,0,0,23,0,13,0,13,0
netex-java-model,org.rutebanken.netex.model,ZoneTopologyEnumeration,31,111,4,0,5,13,4,2,2,2
netex-java-model,org.rutebanken.netex.model,GroupOfLines,259,0,18,0,83,0,47,0,38,0
netex-java-model,org.rutebanken.netex.model,TrafficControlPointsInFrame_RelStructure,62,0,8,0,16,0,11,0,7,0
netex-java-model,org.rutebanken.netex.model,ComplexFeatureProjection,195,0,12,0,64,0,36,0,30,0
netex-java-model,org.rutebanken.netex.model,TopographicPlaceRefs_RelStructure,62,0,8,0,16,0,11,0,7,0
netex-java-model,org.rutebanken.netex.model,AccessibilityLimitation_VersionedChildStructure,183,0,6,0,67,0,39,0,36,0
netex-java-model,org.rutebanken.netex.model,OtherOrganisation_VersionStructure,277,0,12,0,97,0,53,0,47,0
netex-java-model,org.rutebanken.netex.model,Reselling_VersionStructure,447,0,14,0,167,0,97,0,90,0
netex-java-model,org.rutebanken.netex.model,GeneralGroupOfEntities_VersionStructure,180,0,6,0,65,0,36,0,33,0
netex-java-model,org.rutebanken.netex.model,TimingLinks_RelStructure,57,0,8,0,14,0,10,0,6,0
netex-java-model,org.rutebanken.netex.model,DataObjectServiceCapabilitiesStructure.SubscriptionPolicy,19,0,0,0,7,0,5,0,5,0
netex-java-model,org.rutebanken.netex.model,SeatAllocationMethodEnumeration,31,45,4,0,5,7,4,2,2,2
netex-java-model,org.rutebanken.netex.model,GroupOfTimingLinks,161,0,6,0,57,0,31,0,28,0
netex-java-model,org.rutebanken.netex.model,ActivationMeansEnumeration,31,89,4,0,5,11,4,2,2,2
netex-java-model,org.rutebanken.netex.model,TravelDocumentSecurityListingRefs_RelStructure,62,0,8,0,16,0,11,0,7,0
netex-java-model,org.rutebanken.netex.model,NetworkRestrictionsInFrame_RelStructure,62,0,8,0,16,0,11,0,7,0
netex-java-model,org.rutebanken.netex.model,ShelterEquipment,226,0,6,0,83,0,44,0,41,0
netex-java-model,org.rutebanken.netex.model,CheckConstraintDelay_VersionStructure,201,0,6,0,74,0,42,0,39,0
netex-java-model,org.rutebanken.netex.model,CheckConstraint_VersionStructure,297,0,6,0,114,0,66,0,63,0
netex-java-model,org.rutebanken.netex.model,RailwayPointRefStructure,47,0,0,0,18,0,10,0,10,0
netex-java-model,org.rutebanken.netex.model,TypeOfActivation,161,0,6,0,57,0,31,0,28,0
netex-java-model,org.rutebanken.netex.model,BoardingPosition,469,0,18,0,167,0,89,0,80,0
netex-java-model,org.rutebanken.netex.model,RoutePointsInFrame_RelStructure,62,0,8,0,16,0,11,0,7,0
netex-java-model,org.rutebanken.netex.model,TypeOfDeliveryVariantRefStructure,47,0,0,0,18,0,10,0,10,0
netex-java-model,org.rutebanken.netex.model,EntitlementGivenRefs_RelStructure,62,0,8,0,16,0,11,0,7,0
netex-java-model,org.rutebanken.netex.model,SignEquipment_VersionStructure,303,0,6,0,116,0,66,0,63,0
netex-java-model,org.rutebanken.netex.model,DeliveryVariantRefStructure,47,0,0,0,18,0,10,0,10,0
netex-java-model,org.rutebanken.netex.model,AccessZoneRefStructure,52,0,0,0,20,0,11,0,11,0
netex-java-model,org.rutebanken.netex.model,VehicleJourneyLayovers_RelStructure,57,0,8,0,14,0,10,0,6,0
netex-java-model,org.rutebanken.netex.model,AllSubmodeStructure,151,0,0,0,62,0,38,0,38,0
netex-java-model,org.rutebanken.netex.model,FrequencyOfUseRefStructure,47,0,0,0,18,0,10,0,10,0
netex-java-model,org.rutebanken.netex.model,VehicleJourneyStopAssignment,240,0,12,0,82,0,45,0,39,0
netex-java-model,org.rutebanken.netex.model,AccessibilityInfoFacilityEnumeration,31,78,4,0,5,10,4,2,2,2
netex-java-model,org.rutebanken.netex.model,PathLinkRefByValueStructure,47,0,0,0,18,0,10,0,10,0
netex-java-model,org.rutebanken.netex.model,LinkInJourneyPattern_VersionedChildStructure,155,0,6,0,55,0,31,0,28,0
netex-java-model,org.rutebanken.netex.model,StairFlights_RelStructure,57,0,8,0,14,0,10,0,6,0
netex-java-model,org.rutebanken.netex.model,TimeDemandTypeAssignment,156,0,6,0,55,0,30,0,27,0
netex-java-model,org.rutebanken.netex.model,CommercialProfileEligibilityRefStructure,47,0,0,0,18,0,10,0,10,0
netex-java-model,org.rutebanken.netex.model,RequestedTravelSpecification,236,0,6,0,87,0,46,0,43,0
netex-java-model,org.rutebanken.netex.model,RouteInstructions_RelStructure,57,0,8,0,14,0,10,0,6,0
netex-java-model,org.rutebanken.netex.model,SeriesConstraints_RelStructure,62,0,8,0,16,0,11,0,7,0
netex-java-model,org.rutebanken.netex.model,SimpleObjectRefStructure,31,0,0,0,12,0,8,0,8,0
netex-java-model,org.rutebanken.netex.model,ObservedPassingTimes_RelStructure,57,0,8,0,14,0,10,0,6,0
netex-java-model,org.rutebanken.netex.model,TypeOfVersion_ValueStructure,156,0,6,0,55,0,30,0,27,0
netex-java-model,org.rutebanken.netex.model,VehicleJourney_VersionStructure,497,0,6,0,196,0,112,0,109,0
netex-java-model,org.rutebanken.netex.model,ComplexFeatureRefStructure,52,0,0,0,20,0,11,0,11,0
netex-java-model,org.rutebanken.netex.model,ParkingLayoutEnumeration,31,100,4,0,5,12,4,2,2,2
netex-java-model,org.rutebanken.netex.model,AllDistributionChannelsRefStructureElement,47,0,0,0,18,0,10,0,10,0
netex-java-model,org.rutebanken.netex.model,BlockParts_RelStructure,62,0,8,0,16,0,11,0,7,0
netex-java-model,org.rutebanken.netex.model,FareStructureElementRefStructure,47,0,0,0,18,0,10,0,10,0
netex-java-model,org.rutebanken.netex.model,JourneyAccounting,210,0,12,0,70,0,39,0,33,0
netex-java-model,org.rutebanken.netex.model,PointOfInterestClassificationHierarchyMembers_RelStructure,57,0,8,0,14,0,10,0,6,0
netex-java-model,org.rutebanken.netex.model,WheelchairVehicleEquipment_VersionStructure,280,0,6,0,106,0,59,0,56,0
netex-java-model,org.rutebanken.netex.model,KeyValueStructure,43,0,0,0,17,0,11,0,11,0
netex-java-model,org.rutebanken.netex.model,AuthorityRefStructure,47,0,0,0,18,0,10,0,10,0
netex-java-model,org.rutebanken.netex.model,AvailabilityConditionRefStructure,47,0,0,0,18,0,10,0,10,0
netex-java-model,org.rutebanken.netex.model,CycleStorageEquipmentRefStructure,47,0,0,0,18,0,10,0,10,0
netex-java-model,org.rutebanken.netex.model,FlexiblePointProperties,141,0,6,0,49,0,27,0,24,0
netex-java-model,org.rutebanken.netex.model,DefaultInterchangseInFrame_RelStructure,62,0,8,0,16,0,11,0,7,0
netex-java-model,org.rutebanken.netex.model,VehicleTypesInFrame_RelStructure,62,0,8,0,16,0,11,0,7,0
netex-java-model,org.rutebanken.netex.model,FulfilmentMethodRefs_RelStructure,62,0,8,0,16,0,11,0,7,0
netex-java-model,org.rutebanken.netex.model,InterchangeWeightingEnumeration,31,56,4,0,5,8,4,2,2,2
netex-java-model,org.rutebanken.netex.model,TimingPointInJourneyPattern,166,0,6,0,59,0,32,0,29,0
netex-java-model,org.rutebanken.netex.model,DayTypeAssignment,205,0,12,0,68,0,38,0,32,0
netex-java-model,org.rutebanken.netex.model,PublicityChannelEnumeration,31,56,4,0,5,8,4,2,2,2
netex-java-model,org.rutebanken.netex.model,TypeOfLine_ValueStructure,161,0,6,0,57,0,31,0,28,0
netex-java-model,org.rutebanken.netex.model,TypeOfTimeDemandTypeStructure,161,0,6,0,57,0,31,0,28,0
netex-java-model,org.rutebanken.netex.model,Suitabilities_RelStructure,57,0,8,0,14,0,10,0,6,0
netex-java-model,org.rutebanken.netex.model,CompoundTrain_VersionStructure,263,0,6,0,98,0,52,0,49,0
netex-java-model,org.rutebanken.netex.model,JourneyPartCouplesInFrame_RelStructure,62,0,8,0,16,0,11,0,7,0
netex-java-model,org.rutebanken.netex.model,DataObjectCapabilitiesResponseStructure,90,0,2,0,36,0,21,0,20,0
netex-java-model,org.rutebanken.netex.model,TypeOfValidityRefStructure,47,0,0,0,18,0,10,0,10,0
netex-java-model,org.rutebanken.netex.model,ServicePatternsInFrame_RelStructure,62,0,8,0,16,0,11,0,7,0
netex-java-model,org.rutebanken.netex.model,TypeOfPlace_ValueStructure,161,0,6,0,57,0,31,0,28,0
netex-java-model,org.rutebanken.netex.model,InterchangeRuleTiming_VersionStructure,220,0,6,0,82,0,47,0,44,0
netex-java-model,org.rutebanken.netex.model,VehicleRefStructure,47,0,0,0,18,0,10,0,10,0
netex-java-model,org.rutebanken.netex.model,HelpPointEquipment,211,0,6,0,77,0,41,0,38,0
netex-java-model,org.rutebanken.netex.model,ParkingTariffRefStructure,47,0,0,0,18,0,10,0,10,0
netex-java-model,org.rutebanken.netex.model,ValidableElementPrice_VersionedChildStructure,213,0,6,0,78,0,42,0,39,0
netex-java-model,org.rutebanken.netex.model,MetroSubmodeEnumeration,31,67,4,0,5,9,4,2,2,2
netex-java-model,org.rutebanken.netex.model,PointOfInterestClassification_VersionStructure,168,0,6,0,60,0,33,0,30,0
netex-java-model,org.rutebanken.netex.model,VehicleTypeAtPoint,156,0,6,0,55,0,30,0,27,0
netex-java-model,org.rutebanken.netex.model,ClassAttributeInFrame,22,0,0,0,8,0,5,0,5,0
netex-java-model,org.rutebanken.netex.model,ConnectingJourney_DerivedViewStructure,125,0,0,0,51,0,31,0,31,0
netex-java-model,org.rutebanken.netex.model,CrossingTypeEnumeration,31,67,4,0,5,9,4,2,2,2
netex-java-model,org.rutebanken.netex.model,SameRouteEnumeration,31,56,4,0,5,8,4,2,2,2
netex-java-model,org.rutebanken.netex.model,PurchaseWindow_VersionStructure,315,0,14,0,112,0,64,0,57,0
netex-java-model,org.rutebanken.netex.model,TrainSizeStructure,31,0,0,0,12,0,8,0,8,0
netex-java-model,org.rutebanken.netex.model,UsageParametersInFrame_RelStructure,57,0,8,0,14,0,10,0,6,0
netex-java-model,org.rutebanken.netex.model,CompanionRelationshipEnumeration,31,155,4,0,5,17,4,2,2,2
netex-java-model,org.rutebanken.netex.model,ManagementAgent,270,0,12,0,94,0,51,0,45,0
netex-java-model,org.rutebanken.netex.model,OnwardCall,281,0,6,0,105,0,55,0,52,0
netex-java-model,org.rutebanken.netex.model,AdministrativeZoneRef,52,0,0,0,20,0,11,0,11,0
netex-java-model,org.rutebanken.netex.model,OnboardStayRefStructure,47,0,0,0,18,0,10,0,10,0
netex-java-model,org.rutebanken.netex.model,DataSource,161,0,6,0,57,0,31,0,28,0
netex-java-model,org.rutebanken.netex.model,PlaceInSequence_VersionedChildStructure.OnwardLinks,46,0,6,0,11,0,8,0,5,0
netex-java-model,org.rutebanken.netex.model,TypeOfPassengerInformationEquipment_ValueStructure,173,0,6,0,62,0,34,0,31,0
netex-java-model,org.rutebanken.netex.model,DriverTripTimeRefStructure,47,0,0,0,18,0,10,0,10,0
netex-java-model,org.rutebanken.netex.model,CommunicationServiceEnumeration,31,122,4,0,5,14,4,2,2,2
netex-java-model,org.rutebanken.netex.model,DepartureStructure,223,0,0,0,92,0,56,0,56,0
netex-java-model,org.rutebanken.netex.model,ServiceAlterationEnumeration,31,56,4,0,5,8,4,2,2,2
netex-java-model,org.rutebanken.netex.model,ParkingsInFrame_RelStructure,62,0,8,0,16,0,11,0,7,0
netex-java-model,org.rutebanken.netex.model,StopPlaceVehicleEntranceRefStructure,52,0,0,0,20,0,11,0,11,0
netex-java-model,org.rutebanken.netex.model,CappingRulePrice_VersionedChildStructure,213,0,6,0,78,0,42,0,39,0
netex-java-model,org.rutebanken.netex.model,PathLinkRefs_RelStructure,62,0,8,0,16,0,11,0,7,0
netex-java-model,org.rutebanken.netex.model,RetailService_VersionStructure,221,0,14,0,73,0,41,0,34,0
netex-java-model,org.rutebanken.netex.model,OtherOrganisation,270,0,12,0,94,0,51,0,45,0
netex-java-model,org.rutebanken.netex.model,FareDemandFactors_RelStructure,57,0,8,0,14,0,10,0,6,0
netex-java-model,org.rutebanken.netex.model,LineRefStructure,47,0,0,0,18,0,10,0,10,0
netex-java-model,org.rutebanken.netex.model,OrganisationPart_VersionStructure,282,0,6,0,108,0,63,0,60,0
netex-java-model,org.rutebanken.netex.model,VehicleJourneyRefStructure,47,0,0,0,18,0,10,0,10,0
netex-java-model,org.rutebanken.netex.model,TimingPointInJourneyPattern_VersionedChildStructure,215,0,6,0,80,0,46,0,43,0
netex-java-model,org.rutebanken.netex.model,DepartmentRefStructure,47,0,0,0,18,0,10,0,10,0
netex-java-model,org.rutebanken.netex.model,Timeband_VersionedChildStructure,186,0,6,0,68,0,39,0,36,0
netex-java-model,org.rutebanken.netex.model,GroupOfLinksInFrame_RelStructure,62,0,8,0,16,0,11,0,7,0
netex-java-model,org.rutebanken.netex.model,TypeOfNotice_ValueStructure,161,0,6,0,57,0,31,0,28,0
netex-java-model,org.rutebanken.netex.model,DriverRefStructure,47,0,0,0,18,0,10,0,10,0
netex-java-model,org.rutebanken.netex.model,PricingParameterSetRefStructure,47,0,0,0,18,0,10,0,10,0
netex-java-model,org.rutebanken.netex.model,DatedServiceJourney,456,0,6,0,175,0,90,0,87,0
netex-java-model,org.rutebanken.netex.model,SiteEquipmentRefStructure,47,0,0,0,18,0,10,0,10,0
netex-java-model,org.rutebanken.netex.model,LostPropertyService_VersionStructure,188,0,6,0,68,0,37,0,34,0
netex-java-model,org.rutebanken.netex.model,PassengerEquipment_VersionStructure,183,0,6,0,66,0,36,0,33,0
netex-java-model,org.rutebanken.netex.model,SeatingEquipmentRefStructure,47,0,0,0,18,0,10,0,10,0
netex-java-model,org.rutebanken.netex.model,ExplicitJourneyRefs_RelStructure,62,0,8,0,16,0,11,0,7,0
netex-java-model,org.rutebanken.netex.model,Operator,324,0,18,0,109,0,60,0,51,0
netex-java-model,org.rutebanken.netex.model,CommercialProfileTypeEnumeration,87,0,4,0,13,0,6,0,4,0
netex-java-model,org.rutebanken.netex.model,PlaceRef,52,0,0,0,20,0,11,0,11,0
netex-java-model,org.rutebanken.netex.model,StopPlaces_RelStructure,41,0,0,0,16,0,10,0,10,0
netex-java-model,org.rutebanken.netex.model,FulfilmentMethodPrice_VersionedChildStructure,213,0,6,0,78,0,42,0,39,0
netex-java-model,org.rutebanken.netex.model,CustomerPurchasePackages_RelStructure,62,0,8,0,16,0,11,0,7,0
netex-java-model,org.rutebanken.netex.model,ResellingRefStructure,47,0,0,0,18,0,10,0,10,0
netex-java-model,org.rutebanken.netex.model,TargetPassingTimeRefStructure,47,0,0,0,18,0,10,0,10,0
netex-java-model,org.rutebanken.netex.model,ControlCentresInFrame_RelStructure,62,0,8,0,16,0,11,0,7,0
netex-java-model,org.rutebanken.netex.model,TimingAlgorithmType_ValueStructure,156,0,6,0,55,0,30,0,27,0
netex-java-model,org.rutebanken.netex.model,Whitelist,151,0,6,0,53,0,29,0,26,0
netex-java-model,org.rutebanken.netex.model,RoutePoint,166,0,6,0,59,0,32,0,29,0
netex-java-model,org.rutebanken.netex.model,VehicleRequirement_VersionStructure,138,0,6,0,48,0,27,0,24,0
netex-java-model,org.rutebanken.netex.model,TimeUnitPriceRefStructure,47,0,0,0,18,0,10,0,10,0
netex-java-model,org.rutebanken.netex.model,VehiclePositionAlignments_RelStructure,62,0,8,0,16,0,11,0,7,0
netex-java-model,org.rutebanken.netex.model,RailwayJunction_VersionStructure,156,0,6,0,55,0,30,0,27,0
netex-java-model,org.rutebanken.netex.model,CheckConstraintDelayRefStructure,52,0,0,0,20,0,11,0,11,0
netex-java-model,org.rutebanken.netex.model,PurposeOfEquipmentProfile_ValueStructure,156,0,6,0,55,0,30,0,27,0
netex-java-model,org.rutebanken.netex.model,LinkRefByValueStructure,103,0,0,0,42,0,26,0,26,0
netex-java-model,org.rutebanken.netex.model,DistanceMatrixElementRef,47,0,0,0,18,0,10,0,10,0
netex-java-model,org.rutebanken.netex.model,GeneralFrameMemberRefStructure,47,0,0,0,18,0,10,0,10,0
netex-java-model,org.rutebanken.netex.model,TypesOfMachineReadabilities_RelStructure,62,0,8,0,16,0,11,0,7,0
netex-java-model,org.rutebanken.netex.model,FareContractEntries_RelStructure,62,0,8,0,16,0,11,0,7,0
netex-java-model,org.rutebanken.netex.model,FlexibleLineRefStructure,47,0,0,0,18,0,10,0,10,0
netex-java-model,org.rutebanken.netex.model,SameJourneyEnumeration,31,56,4,0,5,8,4,2,2,2
netex-java-model,org.rutebanken.netex.model,AlternativeTextRefStructure,47,0,0,0,18,0,10,0,10,0
netex-java-model,org.rutebanken.netex.model,ParkingUserEnumeration,31,144,4,0,5,16,4,2,2,2
netex-java-model,org.rutebanken.netex.model,PassengerInformationEquipmentEnumeration,31,144,4,0,5,16,4,2,2,2
netex-java-model,org.rutebanken.netex.model,TariffZoneRefs_RelStructure,62,0,8,0,16,0,11,0,7,0
netex-java-model,org.rutebanken.netex.model,StopAssignmentRefStructure,52,0,0,0,20,0,11,0,11,0
netex-java-model,org.rutebanken.netex.model,ValidityConditions_RelStructure,53,9,7,1,13,3,9,2,5,2
netex-java-model,org.rutebanken.netex.model,CustomerAccountRefs_RelStructure,62,0,8,0,16,0,11,0,7,0
netex-java-model,org.rutebanken.netex.model,VehicleJourneyRunTimes_RelStructure,57,0,8,0,14,0,10,0,6,0
netex-java-model,org.rutebanken.netex.model,DutyRefStructure,47,0,0,0,18,0,10,0,10,0
netex-java-model,org.rutebanken.netex.model,AssistanceAvailabilityEnumeration,31,67,4,0,5,9,4,2,2,2
netex-java-model,org.rutebanken.netex.model,TicketValidatorEquipmentRefStructure,47,0,0,0,18,0,10,0,10,0
netex-java-model,org.rutebanken.netex.model,AlternativeText,136,0,6,0,47,0,26,0,23,0
netex-java-model,org.rutebanken.netex.model,FlexibleLineView,165,0,12,0,52,0,30,0,24,0
netex-java-model,org.rutebanken.netex.model,MinimumStayRefStructure,47,0,0,0,18,0,10,0,10,0
netex-java-model,org.rutebanken.netex.model,TargetPassingTime,171,0,6,0,61,0,33,0,30,0
netex-java-model,org.rutebanken.netex.model,CustomerAccountSecurityListingRefStructure,47,0,0,0,18,0,10,0,10,0
netex-java-model,org.rutebanken.netex.model,VehicleStoppingPosition_VersionStructure,494,0,18,0,178,0,97,0,88,0
netex-java-model,org.rutebanken.netex.model,BerthFacilityEnumeration,31,45,4,0,5,7,4,2,2,2
netex-java-model,org.rutebanken.netex.model,ValidityTriggerRefs_RelStructure,62,0,8,0,16,0,11,0,7,0
netex-java-model,org.rutebanken.netex.model,Versions_RelStructure,62,0,8,0,16,0,11,0,7,0
netex-java-model,org.rutebanken.netex.model,TimebandRefs_RelStructure,62,0,8,0,16,0,11,0,7,0
netex-java-model,org.rutebanken.netex.model,TrainBlockPartRefStructure,47,0,0,0,18,0,10,0,10,0
netex-java-model,org.rutebanken.netex.model,AudioAnnouncementTypeEnumeration,31,34,4,0,5,6,4,2,2,2
netex-java-model,org.rutebanken.netex.model,OpenTransportModeRefStructure,47,0,0,0,18,0,10,0,10,0
netex-java-model,org.rutebanken.netex.model,ControlParameterAssignmentRefStructure,52,0,0,0,20,0,11,0,11,0
netex-java-model,org.rutebanken.netex.model,RoadAddress,236,0,6,0,87,0,46,0,43,0
netex-java-model,org.rutebanken.netex.model,TimeUnitPrices_RelStructure,57,0,8,0,14,0,10,0,6,0
netex-java-model,org.rutebanken.netex.model,SalesOfferPackageSubstitutionsInFrame_RelStructure,57,0,8,0,14,0,10,0,6,0
netex-java-model,org.rutebanken.netex.model,UserProfileRefStructure,47,0,0,0,18,0,10,0,10,0
netex-java-model,org.rutebanken.netex.model,ActivationLinkRefStructure,47,0,0,0,18,0,10,0,10,0
netex-java-model,org.rutebanken.netex.model,TimeIntervalPrice_VersionedChildStructure,213,0,6,0,78,0,42,0,39,0
netex-java-model,org.rutebanken.netex.model,TrainElementRefStructure,47,0,0,0,18,0,10,0,10,0
netex-java-model,org.rutebanken.netex.model,ClosedTimeRangeStructure,31,0,0,0,12,0,8,0,8,0
netex-java-model,org.rutebanken.netex.model,TypesOfServiceInFrame_RelStructure,62,0,8,0,16,0,11,0,7,0
netex-java-model,org.rutebanken.netex.model,OrganisationTypeEnumeration,31,122,4,0,5,14,4,2,2,2
netex-java-model,org.rutebanken.netex.model,ParkingTariff,265,0,12,0,92,0,50,0,44,0
netex-java-model,org.rutebanken.netex.model,DisplayAssignment_VersionStructure,249,0,6,0,94,0,54,0,51,0
netex-java-model,org.rutebanken.netex.model,CommercialProfileEligibility_VersionedChildStructure,133,0,6,0,46,0,26,0,23,0
netex-java-model,org.rutebanken.netex.model,CustomerEligibilityRefStructure,47,0,0,0,18,0,10,0,10,0
netex-java-model,org.rutebanken.netex.model,CustomerPurchasePackageStatusEnumeration,31,111,4,0,5,13,4,2,2,2
netex-java-model,org.rutebanken.netex.model,AccessSpace,469,0,18,0,167,0,89,0,80,0
netex-java-model,org.rutebanken.netex.model,ScheduledStopPointsInFrame_RelStructure,62,0,8,0,16,0,11,0,7,0
netex-java-model,org.rutebanken.netex.model,GeographicalUnitPrice,211,0,6,0,77,0,41,0,38,0
netex-java-model,org.rutebanken.netex.model,Notices_RelStructure,62,0,8,0,16,0,11,0,7,0
netex-java-model,org.rutebanken.netex.model,GroupOfDistanceMatrixElements_VersionStructure.Prices,46,0,6,0,11,0,8,0,5,0
netex-java-model,org.rutebanken.netex.model,DynamicStopAssignment,211,0,6,0,77,0,41,0,38,0
netex-java-model,org.rutebanken.netex.model,OrganisationalUnitRefStructure,47,0,0,0,18,0,10,0,10,0
netex-java-model,org.rutebanken.netex.model,TravelSpecificationRefStructure,47,0,0,0,18,0,10,0,10,0
netex-java-model,org.rutebanken.netex.model,Direction,171,0,6,0,61,0,33,0,30,0
netex-java-model,org.rutebanken.netex.model,SanitaryEquipment_VersionStructure,434,0,22,0,153,0,90,0,79,0
netex-java-model,org.rutebanken.netex.model,CoupledJourney,146,0,6,0,51,0,28,0,25,0
netex-java-model,org.rutebanken.netex.model,TypeOfServiceStructure,161,0,6,0,57,0,31,0,28,0
netex-java-model,org.rutebanken.netex.model,SalesOfferPackageElements_RelStructure,62,0,8,0,16,0,11,0,7,0
netex-java-model,org.rutebanken.netex.model,PointOnLinkRefStructure_,59,0,0,0,23,0,13,0,13,0
netex-java-model,org.rutebanken.netex.model,ServiceJourneyPatternInterchangeRefStructure,47,0,0,0,18,0,10,0,10,0
netex-java-model,org.rutebanken.netex.model,LinksOnSection_RelStructure,57,0,8,0,14,0,10,0,6,0
netex-java-model,org.rutebanken.netex.model,RailwayElement_VersionStructure,180,0,6,0,65,0,36,0,33,0
netex-java-model,org.rutebanken.netex.model,RoadVehicleModeEnumeration,87,0,4,0,13,0,6,0,4,0
netex-java-model,org.rutebanken.netex.model,DerivedViewStructure,31,0,0,0,12,0,8,0,8,0
netex-java-model,org.rutebanken.netex.model,RetailDeviceSecurityListing,131,0,6,0,45,0,25,0,22,0
netex-java-model,org.rutebanken.netex.model,DataObjectServiceCapabilitiesStructure.RequestPolicy,56,0,6,0,15,0,10,0,7,0
netex-java-model,org.rutebanken.netex.model,RoutingConstraintZoneRefStructure,52,0,0,0,20,0,11,0,11,0
netex-java-model,org.rutebanken.netex.model,RouteLinkRefStructure,47,0,0,0,18,0,10,0,10,0
netex-java-model,org.rutebanken.netex.model,FareSeriesInFrame_RelStructure,57,0,8,0,14,0,10,0,6,0
netex-java-model,org.rutebanken.netex.model,GroupsOfDistributionChannelsInFrame_RelStructure,57,0,8,0,14,0,10,0,6,0
netex-java-model,org.rutebanken.netex.model,TicketValidatorEquipment,225,0,12,0,76,0,42,0,36,0
netex-java-model,org.rutebanken.netex.model,CustomerPurchasePackagePrice_VersionedChildStructure,225,0,6,0,83,0,45,0,42,0
netex-java-model,org.rutebanken.netex.model,FareProduct,261,0,6,0,97,0,51,0,48,0
netex-java-model,org.rutebanken.netex.model,DistanceMatrixElementPrice,211,0,6,0,77,0,41,0,38,0
netex-java-model,org.rutebanken.netex.model,RegisterBreakOfJourneyEnumeration,31,67,4,0,5,9,4,2,2,2
netex-java-model,org.rutebanken.netex.model,VehicleJourneyWaitTime_VersionedChildStructure,158,0,6,0,56,0,31,0,28,0
netex-java-model,org.rutebanken.netex.model,VehicleManoeuvringRequirements_RelStructure,62,0,8,0,16,0,11,0,7,0
netex-java-model,org.rutebanken.netex.model,SiteEntrance_VersionStructure,460,0,12,0,172,0,95,0,89,0
netex-java-model,org.rutebanken.netex.model,ScopingMethodEnumeration,31,56,4,0,5,8,4,2,2,2
netex-java-model,org.rutebanken.netex.model,Suitability_VersionedChildStructure,153,0,6,0,54,0,30,0,27,0
netex-java-model,org.rutebanken.netex.model,TimetabledPassingTimeRefStructure,47,0,0,0,18,0,10,0,10,0
netex-java-model,org.rutebanken.netex.model,VehicleJourneyWaitTime,151,0,6,0,53,0,29,0,26,0
netex-java-model,org.rutebanken.netex.model,BoardingPermissionEnumeration,31,56,4,0,5,8,4,2,2,2
netex-java-model,org.rutebanken.netex.model,CateringFacilityEnumeration,31,221,4,0,5,23,4,2,2,2
netex-java-model,org.rutebanken.netex.model,BlockPart_VersionStructure,222,0,6,0,83,0,48,0,45,0
netex-java-model,org.rutebanken.netex.model,OpenTransportModeRefs_RelStructure,62,0,8,0,16,0,11,0,7,0
netex-java-model,org.rutebanken.netex.model,OperatingDayRefStructure,47,0,0,0,18,0,10,0,10,0
netex-java-model,org.rutebanken.netex.model,SharedUsageEnumeration,31,45,4,0,5,7,4,2,2,2
netex-java-model,org.rutebanken.netex.model,OrganisationPartRefStructure,47,0,0,0,18,0,10,0,10,0
netex-java-model,org.rutebanken.netex.model,FarePointsInPattern_RelStructure,62,0,8,0,16,0,11,0,7,0
netex-java-model,org.rutebanken.netex.model,FlexibleStopAssignment,176,0,6,0,63,0,34,0,31,0
netex-java-model,org.rutebanken.netex.model,Interchange_VersionStructure,423,0,14,0,158,0,94,0,87,0
netex-java-model,org.rutebanken.netex.model,OnwardServiceLinkView,42,0,0,0,16,0,9,0,9,0
netex-java-model,org.rutebanken.netex.model,FlexiblePointProperties_RelStructure,62,0,8,0,16,0,11,0,7,0
netex-java-model,org.rutebanken.netex.model,TrainComponentLabelAssignment,156,0,6,0,55,0,30,0,27,0
netex-java-model,org.rutebanken.netex.model,AccessZone,196,0,6,0,71,0,38,0,35,0
netex-java-model,org.rutebanken.netex.model,DistanceMatrixElementRefs_RelStructure,62,0,8,0,16,0,11,0,7,0
netex-java-model,org.rutebanken.netex.model,CheckConstraintDelays_RelStructure,57,0,8,0,14,0,10,0,6,0
netex-java-model,org.rutebanken.netex.model,SameClassOfUseEnumeration,31,56,4,0,5,8,4,2,2,2
netex-java-model,org.rutebanken.netex.model,InterchangeRule,295,0,12,0,104,0,56,0,50,0
netex-java-model,org.rutebanken.netex.model,LiftEquipmentRefStructure,47,0,0,0,18,0,10,0,10,0
netex-java-model,org.rutebanken.netex.model,OperationalContextRefStructure,47,0,0,0,18,0,10,0,10,0
netex-java-model,org.rutebanken.netex.model,LocaleStructure,79,0,0,0,32,0,20,0,20,0
netex-java-model,org.rutebanken.netex.model,GeographicalUnitPriceRefStructure,47,0,0,0,18,0,10,0,10,0
netex-java-model,org.rutebanken.netex.model,ActivationLink,171,0,6,0,61,0,33,0,30,0
netex-java-model,org.rutebanken.netex.model,GenericParameterAssignment_VersionStructure,305,0,6,0,115,0,61,0,58,0
netex-java-model,org.rutebanken.netex.model,SurfaceTypeEnumeration,31,122,4,0,5,14,4,2,2,2
netex-java-model,org.rutebanken.netex.model,NetworkFrameSubscriptionPolicyStructure,19,0,0,0,7,0,5,0,5,0
netex-java-model,org.rutebanken.netex.model,SeriesConstraintRefStructure,52,0,0,0,20,0,11,0,11,0
netex-java-model,org.rutebanken.netex.model,AdministrativeZones_RelStructure,62,0,8,0,16,0,11,0,7,0
netex-java-model,org.rutebanken.netex.model,ActualVehicleEquipment_VersionStructure,224,0,6,0,83,0,46,0,43,0
netex-java-model,org.rutebanken.netex.model,TimeIntervalPrice,206,0,6,0,75,0,40,0,37,0
netex-java-model,org.rutebanken.netex.model,Accommodation_VersionedChildStructure,333,0,22,0,112,0,68,0,57,0
netex-java-model,org.rutebanken.netex.model,SeriesConstraintPriceRefStructure,47,0,0,0,18,0,10,0,10,0
netex-java-model,org.rutebanken.netex.model,ServiceFrameRefStructure,47,0,0,0,18,0,10,0,10,0
netex-java-model,org.rutebanken.netex.model,AccessibilityAssessmentRefStructure,47,0,0,0,18,0,10,0,10,0
netex-java-model,org.rutebanken.netex.model,FareContracts_RelStructure,62,0,8,0,16,0,11,0,7,0
netex-java-model,org.rutebanken.netex.model,StopTypeEnumeration,31,166,4,0,5,18,4,2,2,2
netex-java-model,org.rutebanken.netex.model,DayOfWeekEnumeration,31,133,4,0,5,15,4,2,2,2
netex-java-model,org.rutebanken.netex.model,PricingServiceRefStructure,47,0,0,0,18,0,10,0,10,0
netex-java-model,org.rutebanken.netex.model,FareStructureFactor_VersionStructure,212,0,6,0,78,0,43,0,40,0
netex-java-model,org.rutebanken.netex.model,JourneyEndpointStructure,55,0,0,0,22,0,14,0,14,0
netex-java-model,org.rutebanken.netex.model,PassingTime_VersionedChildStructure,144,3,6,0,51,1,29,1,26,1
netex-java-model,org.rutebanken.netex.model,SalesNoticeAssignmentRefStructure,52,0,0,0,20,0,11,0,11,0
netex-java-model,org.rutebanken.netex.model,TransportOrganisationRefs_RelStructure,62,0,8,0,16,0,11,0,7,0
netex-java-model,org.rutebanken.netex.model,CycleStorageEquipment_VersionStructure,219,0,6,0,81,0,45,0,42,0
netex-java-model,org.rutebanken.netex.model,Line,349,0,18,0,119,0,65,0,56,0
netex-java-model,org.rutebanken.netex.model,TimingLink,176,0,6,0,63,0,34,0,31,0
netex-java-model,org.rutebanken.netex.model,CustomerPurchaseParameterAssignment_VersionStructure,281,0,6,0,105,0,55,0,52,0
netex-java-model,org.rutebanken.netex.model,CappedDiscountRight,281,0,6,0,105,0,55,0,52,0
netex-java-model,org.rutebanken.netex.model,BorderPointsInFrame_RelStructure,57,0,8,0,14,0,10,0,6,0
netex-java-model,org.rutebanken.netex.model,TicketValidatorEnumeration,31,56,4,0,5,8,4,2,2,2
netex-java-model,org.rutebanken.netex.model,Rounding,146,0,6,0,51,0,28,0,25,0
netex-java-model,org.rutebanken.netex.model,TypeOfValidity,171,0,6,0,61,0,33,0,30,0
netex-java-model,org.rutebanken.netex.model,OnwardTimingLink_DerivedViewStructure,65,0,0,0,26,0,16,0,16,0
netex-java-model,org.rutebanken.netex.model,TypesOfFrame_RelStructure,62,0,8,0,16,0,11,0,7,0
[...]
netex-java-model,org.rutebanken.netex.model,FareSectionRefStructure,47,0,0,0,18,0,10,0,10,0
netex-java-model,org.rutebanken.netex.model,JourneyParts_RelStructure,62,0,8,0,16,0,11,0,7,0
netex-java-model,org.rutebanken.netex.model,WireElement_VersionStructure,180,0,6,0,65,0,36,0,33,0
netex-java-model,org.rutebanken.netex.model,StopAssignment_VersionStructure,201,0,6,0,74,0,42,0,39,0
netex-java-model,org.rutebanken.netex.model,VehicleEntrance_VersionStructure,402,0,12,0,147,0,78,0,72,0
netex-java-model,org.rutebanken.netex.model,VehicleStoppingPlaceRefStructure,52,0,0,0,20,0,11,0,11,0
netex-java-model,org.rutebanken.netex.model,FacilitySet_VersionStructure,1008,0,150,0,253,0,168,0,93,0
netex-java-model,org.rutebanken.netex.model,VehicleStoppingPositions_RelStructure,62,0,8,0,16,0,11,0,7,0
netex-java-model,org.rutebanken.netex.model,LineShapeStructure,174,0,6,0,63,0,36,0,33,0
netex-java-model,org.rutebanken.netex.model,PassingTimeRefStructure,47,0,0,0,18,0,10,0,10,0
netex-java-model,org.rutebanken.netex.model,PointProjection_VersionStructure,194,0,6,0,71,0,40,0,37,0
netex-java-model,org.rutebanken.netex.model,SpatialFeaturesInFrame_RelStructure,62,0,8,0,16,0,11,0,7,0
netex-java-model,org.rutebanken.netex.model,JourneyPartsInFrame_RelStructure,62,0,8,0,16,0,11,0,7,0
netex-java-model,org.rutebanken.netex.model,UsageParameter_VersionStructure,200,0,6,0,73,0,40,0,37,0
netex-java-model,org.rutebanken.netex.model,SupplyContractRefStructure,47,0,0,0,18,0,10,0,10,0
netex-java-model,org.rutebanken.netex.model,VehicleJourneyStopAssignment_VersionStructure,258,0,14,0,88,0,49,0,42,0
netex-java-model,org.rutebanken.netex.model,Refunding_VersionStructure,424,0,28,0,140,0,79,0,65,0
netex-java-model,org.rutebanken.netex.model,TypeOfFareProductRefStructure,47,0,0,0,18,0,10,0,10,0
netex-java-model,org.rutebanken.netex.model,ActivationLinksInFrame_RelStructure,62,0,8,0,16,0,11,0,7,0
netex-java-model,org.rutebanken.netex.model,PointOfInterestClassificationRefStructure,47,0,0,0,18,0,10,0,10,0
netex-java-model,org.rutebanken.netex.model,DayTypeAssignmentRefStructure,52,0,0,0,20,0,11,0,11,0
netex-java-model,org.rutebanken.netex.model,JourneyRunTime,146,0,6,0,51,0,28,0,25,0
netex-java-model,org.rutebanken.netex.model,SpecialServices_RelStructure,62,0,8,0,16,0,11,0,7,0
netex-java-model,org.rutebanken.netex.model,TaxCategoryEnumeration,31,89,4,0,5,11,4,2,2,2
netex-java-model,org.rutebanken.netex.model,SiteFacilitySetsInFrame_RelStructure,62,0,8,0,16,0,11,0,7,0
netex-java-model,org.rutebanken.netex.model,LogEntryRefStructure,47,0,0,0,18,0,10,0,10,0
netex-java-model,org.rutebanken.netex.model,JourneyHeadway,151,0,6,0,53,0,29,0,26,0
netex-java-model,org.rutebanken.netex.model,OrganisationalUnit_VersionStructure,203,0,6,0,74,0,40,0,37,0
netex-java-model,org.rutebanken.netex.model,ServiceJourneyInterchangeRefStructure,47,0,0,0,18,0,10,0,10,0
netex-java-model,org.rutebanken.netex.model,MeetingRestriction_VersionStructure,180,0,6,0,65,0,36,0,33,0
netex-java-model,org.rutebanken.netex.model,ParkingComponent,370,0,12,0,134,0,71,0,65,0
netex-java-model,org.rutebanken.netex.model,AccessFacilityEnumeration,31,177,4,0,5,19,4,2,2,2
netex-java-model,org.rutebanken.netex.model,FareFrame_VersionFrameStructure,637,0,6,0,255,0,149,0,146,0
netex-java-model,org.rutebanken.netex.model,NavigationPathsInFrame_RelStructure,62,0,8,0,16,0,11,0,7,0
netex-java-model,org.rutebanken.netex.model,QualityStructureFactor,201,0,6,0,73,0,39,0,36,0
netex-java-model,org.rutebanken.netex.model,MonthValidityOffset_VersionedStructure,162,0,6,0,58,0,33,0,30,0
netex-java-model,org.rutebanken.netex.model,SchematicMapRefStructure,47,0,0,0,18,0,10,0,10,0
netex-java-model,org.rutebanken.netex.model,SpecialService,404,0,18,0,141,0,76,0,67,0
netex-java-model,org.rutebanken.netex.model,TimingAlgorithmTypeRefStructure,47,0,0,0,18,0,10,0,10,0
netex-java-model,org.rutebanken.netex.model,DestinationDisplay_VersionStructure,258,0,6,0,98,0,57,0,54,0
netex-java-model,org.rutebanken.netex.model,Line_DerivedViewStructure,113,0,0,0,46,0,28,0,28,0
netex-java-model,org.rutebanken.netex.model,HireService,210,0,12,0,70,0,39,0,33,0
netex-java-model,org.rutebanken.netex.model,OperatingDepartmentRefStructure,47,0,0,0,18,0,10,0,10,0
netex-java-model,org.rutebanken.netex.model,DeadRunCallPartStructure,79,0,0,0,32,0,20,0,20,0
netex-java-model,org.rutebanken.netex.model,JourneyHeadway_VersionedChildStructure,172,0,6,0,62,0,35,0,32,0
netex-java-model,org.rutebanken.netex.model,TypeOfLinkSequence,161,0,6,0,57,0,31,0,28,0
netex-java-model,org.rutebanken.netex.model,ChargingBasisEnumeration,31,67,4,0,5,9,4,2,2,2
netex-java-model,org.rutebanken.netex.model,AssignmentRefStructure,52,0,0,0,20,0,11,0,11,0
netex-java-model,org.rutebanken.netex.model,FareStructureElementRefs_RelStructure,62,0,8,0,16,0,11,0,7,0
netex-java-model,org.rutebanken.netex.model,PassengerInformationEquipment_VersionStructure,314,0,22,0,103,0,60,0,49,0
netex-java-model,org.rutebanken.netex.model,TravelDocument_VersionStructure,198,0,6,0,73,0,42,0,39,0
netex-java-model,org.rutebanken.netex.model,EntitlementRequired,201,0,6,0,73,0,39,0,36,0
netex-java-model,org.rutebanken.netex.model,SalesOfferPackageRefStructure,47,0,0,0,18,0,10,0,10,0
netex-java-model,org.rutebanken.netex.model,FareProductPrices_RelStructure,57,0,8,0,14,0,10,0,6,0
netex-java-model,org.rutebanken.netex.model,GeographicalInterval,211,0,6,0,77,0,41,0,38,0
netex-java-model,org.rutebanken.netex.model,InterchangeRuleTimings_RelStructure,62,0,8,0,16,0,11,0,7,0
netex-java-model,org.rutebanken.netex.model,SaleDiscountRightRefStructure,47,0,0,0,18,0,10,0,10,0
netex-java-model,org.rutebanken.netex.model,LogicalDisplay_VersionStructure,162,0,6,0,58,0,33,0,30,0
netex-java-model,org.rutebanken.netex.model,LinkRefs_RelStructure,62,0,8,0,16,0,11,0,7,0
netex-java-model,org.rutebanken.netex.model,RoughSurfaceRefStructure,47,0,0,0,18,0,10,0,10,0
netex-java-model,org.rutebanken.netex.model,EscalatorEquipmentRefStructure,47,0,0,0,18,0,10,0,10,0
netex-java-model,org.rutebanken.netex.model,ServiceJourneyPatternTypeEnumeration,31,67,4,0,5,9,4,2,2,2
netex-java-model,org.rutebanken.netex.model,LimitingRule_VersionedStructure,306,0,6,0,117,0,66,0,63,0
netex-java-model,org.rutebanken.netex.model,ClassInFrameStructure.Attributes,52,0,8,0,12,0,9,0,5,0
netex-java-model,org.rutebanken.netex.model,TypesOfEquipment_RelStructure,62,0,8,0,16,0,11,0,7,0
netex-java-model,org.rutebanken.netex.model,ClosedTimestampRangeStructure,31,0,0,0,12,0,8,0,8,0
netex-java-model,org.rutebanken.netex.model,FareStructureFactors_RelStructure,62,0,8,0,16,0,11,0,7,0
netex-java-model,org.rutebanken.netex.model,GaragePoint,171,0,6,0,61,0,33,0,30,0
netex-java-model,org.rutebanken.netex.model,VehicleModel,146,0,6,0,51,0,28,0,25,0
netex-java-model,org.rutebanken.netex.model,AccessVehicleEquipment_VersionStructure,421,0,14,0,156,0,90,0,83,0
netex-java-model,org.rutebanken.netex.model,DayTypes_RelStructure,62,0,8,0,16,0,11,0,7,0
netex-java-model,org.rutebanken.netex.model,SalesOfferPackage,231,0,6,0,85,0,45,0,42,0
netex-java-model,org.rutebanken.netex.model,Projections_RelStructure,62,0,8,0,16,0,11,0,7,0
netex-java-model,org.rutebanken.netex.model,WhitelistRefStructure,47,0,0,0,18,0,10,0,10,0
netex-java-model,org.rutebanken.netex.model,LeftLuggageServiceRefStructure,47,0,0,0,18,0,10,0,10,0
netex-java-model,org.rutebanken.netex.model,LineNetwork_VersionStructure,186,0,6,0,68,0,39,0,36,0
netex-java-model,org.rutebanken.netex.model,MobilityEnumeration,31,111,4,0,5,13,4,2,2,2
netex-java-model,org.rutebanken.netex.model,ParkingBay,400,0,12,0,146,0,77,0,71,0
netex-java-model,org.rutebanken.netex.model,TopographicProjection,161,0,6,0,57,0,31,0,28,0
netex-java-model,org.rutebanken.netex.model,RetailServiceRefStructure,47,0,0,0,18,0,10,0,10,0
netex-java-model,org.rutebanken.netex.model,QueueingEquipmentRefStructure,47,0,0,0,18,0,10,0,10,0
netex-java-model,org.rutebanken.netex.model,Cells_RelStructure.CellInContext,315,0,12,0,112,0,60,0,54,0
netex-java-model,org.rutebanken.netex.model,Duty_VersionStructure,186,0,6,0,68,0,39,0,36,0
netex-java-model,org.rutebanken.netex.model,TimeDemandTypeAssignment_VersionStructure,177,0,6,0,64,0,36,0,33,0
netex-java-model,org.rutebanken.netex.model,DriverScheduleFrameRefStructure,47,0,0,0,18,0,10,0,10,0
netex-java-model,org.rutebanken.netex.model,ShelterEquipment_VersionStructure,240,0,6,0,89,0,48,0,45,0
netex-java-model,org.rutebanken.netex.model,InfoLinks_RelStructure,52,0,8,0,12,0,9,0,5,0
netex-java-model,org.rutebanken.netex.model,StandardFareTable,211,0,6,0,77,0,41,0,38,0
netex-java-model,org.rutebanken.netex.model,GenericParameterAssignmentInContext,291,0,6,0,109,0,57,0,54,0
netex-java-model,org.rutebanken.netex.model,ParkingProperties_VersionedChildStructure,294,0,30,0,87,0,54,0,39,0
netex-java-model,org.rutebanken.netex.model,ResidenceTypeEnumeration,31,78,4,0,5,10,4,2,2,2
netex-java-model,org.rutebanken.netex.model,FareZone,236,0,6,0,87,0,46,0,43,0
netex-java-model,org.rutebanken.netex.model,SiteConnection_VersionStructure,197,0,6,0,72,0,40,0,37,0
netex-java-model,org.rutebanken.netex.model,TravelAgent,270,0,12,0,94,0,51,0,45,0
netex-java-model,org.rutebanken.netex.model,TypeOfOrganisationPart_ValueStructure,161,0,6,0,57,0,31,0,28,0
netex-java-model,org.rutebanken.netex.model,PriceGroupRefStructure,52,0,0,0,20,0,11,0,11,0
netex-java-model,org.rutebanken.netex.model,VehicleJourney,336,0,6,0,127,0,66,0,63,0
netex-java-model,org.rutebanken.netex.model,CheckConstraintDelay,166,0,6,0,59,0,32,0,29,0
netex-java-model,org.rutebanken.netex.model,ServiceCalendarRefStructure,47,0,0,0,18,0,10,0,10,0
netex-java-model,org.rutebanken.netex.model,CancellingRefStructure,47,0,0,0,18,0,10,0,10,0
netex-java-model,org.rutebanken.netex.model,TrainComponentLabelAssignmentRefs_RelStructure,62,0,8,0,16,0,11,0,7,0
netex-java-model,org.rutebanken.netex.model,FareProduct_VersionStructure,359,0,6,0,139,0,79,0,76,0
netex-java-model,org.rutebanken.netex.model,FareSection_VersionStructure,239,0,6,0,89,0,49,0,46,0
netex-java-model,org.rutebanken.netex.model,TypeOfFacilityRefs_RelStructure,62,0,8,0,16,0,11,0,7,0
netex-java-model,org.rutebanken.netex.model,OrganisationalUnitRefs_RelStructure,62,0,8,0,16,0,11,0,7,0
netex-java-model,org.rutebanken.netex.model,TravelCreditPolicyEnumeration,31,56,4,0,5,8,4,2,2,2
netex-java-model,org.rutebanken.netex.model,TypeOfProductCategory,166,0,6,0,59,0,32,0,29,0
netex-java-model,org.rutebanken.netex.model,TypeOfProductCategoryRefs_RelStructure,62,0,8,0,16,0,11,0,7,0
netex-java-model,org.rutebanken.netex.model,FareZoneRefs_RelStructure,62,0,8,0,16,0,11,0,7,0
netex-java-model,org.rutebanken.netex.model,Journey,221,0,6,0,81,0,43,0,40,0
netex-java-model,org.rutebanken.netex.model,ExtensionsStructure,52,0,8,0,12,0,9,0,5,0
netex-java-model,org.rutebanken.netex.model,CoursesOfJourneysInFrame_RelStructure,62,0,8,0,16,0,11,0,7,0
netex-java-model,org.rutebanken.netex.model,TimeDemandProfileRefStructure,47,0,0,0,18,0,10,0,10,0
netex-java-model,org.rutebanken.netex.model,Frames_RelStructure,53,9,7,1,13,3,9,2,5,2
netex-java-model,org.rutebanken.netex.model,Notice,176,0,6,0,63,0,34,0,31,0
netex-java-model,org.rutebanken.netex.model,PointOfInterestRefStructure,52,0,0,0,20,0,11,0,11,0
netex-java-model,org.rutebanken.netex.model,SchematicMapMembers_RelStructure,57,0,8,0,14,0,10,0,6,0
netex-java-model,org.rutebanken.netex.model,CappedDiscountRight_VersionStructure,288,0,6,0,108,0,57,0,54,0
netex-java-model,org.rutebanken.netex.model,CommonSection,191,0,6,0,69,0,37,0,34,0
netex-java-model,org.rutebanken.netex.model,DistributionAssignment,358,0,24,0,116,0,65,0,53,0
netex-java-model,org.rutebanken.netex.model,CodespaceAssignments_RelStructure,57,0,8,0,14,0,10,0,6,0
netex-java-model,org.rutebanken.netex.model,GroupOfLinkSequences_VersionStructure,168,0,6,0,60,0,33,0,30,0
netex-java-model,org.rutebanken.netex.model,PointOfInterestSpace,365,0,12,0,132,0,70,0,64,0
netex-java-model,org.rutebanken.netex.model,RouteInstructionRefStructure,47,0,0,0,18,0,10,0,10,0
netex-java-model,org.rutebanken.netex.model,TypeOfValueRefStructure,47,0,0,0,18,0,10,0,10,0
netex-java-model,org.rutebanken.netex.model,VehicleEntrance,395,0,12,0,144,0,76,0,70,0
netex-java-model,org.rutebanken.netex.model,ServiceJourneyPattern,256,0,6,0,95,0,50,0,47,0
netex-java-model,org.rutebanken.netex.model,FontSizeEnumeration,31,67,4,0,5,9,4,2,2,2
netex-java-model,org.rutebanken.netex.model,RetailDeviceRefStructure,47,0,0,0,18,0,10,0,10,0
netex-java-model,org.rutebanken.netex.model,FareStructureElement_VersionStructure,416,0,6,0,163,0,94,0,91,0
netex-java-model,org.rutebanken.netex.model,SafetyFacilityEnumeration,31,56,4,0,5,8,4,2,2,2
netex-java-model,org.rutebanken.netex.model,AccessRightInProduct_VersionedChildStructure,180,0,6,0,65,0,36,0,33,0
netex-java-model,org.rutebanken.netex.model,GaragesInFrame_RelStructure,62,0,8,0,16,0,11,0,7,0
netex-java-model,org.rutebanken.netex.model,HeadingSignStructure,346,0,6,0,133,0,74,0,71,0
netex-java-model,org.rutebanken.netex.model,PointRefs_RelStructure,62,0,8,0,16,0,11,0,7,0
netex-java-model,org.rutebanken.netex.model,SeriesConstraintRefStructure_,59,0,0,0,23,0,13,0,13,0
netex-java-model,org.rutebanken.netex.model,TrainBlockRefStructure,47,0,0,0,18,0,10,0,10,0
netex-java-model,org.rutebanken.netex.model,FareProductRefs_RelStructure,62,0,8,0,16,0,11,0,7,0
netex-java-model,org.rutebanken.netex.model,SameUserEnumeration,31,56,4,0,5,8,4,2,2,2
netex-java-model,org.rutebanken.netex.model,TypeOfTariffRefStructure,47,0,0,0,18,0,10,0,10,0
netex-java-model,org.rutebanken.netex.model,DestinationDisplayRefs_RelStructure,62,0,8,0,16,0,11,0,7,0
netex-java-model,org.rutebanken.netex.model,RelationshipRefStructure,31,0,0,0,12,0,8,0,8,0
netex-java-model,org.rutebanken.netex.model,GroupOfPointsRefStructure,52,0,0,0,20,0,11,0,11,0
netex-java-model,org.rutebanken.netex.model,FrequencyOfUse,216,0,6,0,79,0,42,0,39,0
netex-java-model,org.rutebanken.netex.model,InterchangingTypeEnumeration,87,0,4,0,13,0,6,0,4,0
netex-java-model,org.rutebanken.netex.model,ReservationChargeTypeEnumeration,31,67,4,0,5,9,4,2,2,2
netex-java-model,org.rutebanken.netex.model,FlexibleServiceProperties_RelStructure,62,0,8,0,16,0,11,0,7,0
netex-java-model,org.rutebanken.netex.model,ZoneUseEnumeration,31,56,4,0,5,8,4,2,2,2
netex-java-model,org.rutebanken.netex.model,ObservedPassingTime,171,0,6,0,61,0,33,0,30,0
netex-java-model,org.rutebanken.netex.model,SiteFacilitySetRefStructure,47,0,0,0,18,0,10,0,10,0
netex-java-model,org.rutebanken.netex.model,StopArea_VersionStructure,234,0,6,0,87,0,48,0,45,0
netex-java-model,org.rutebanken.netex.model,FlexibleQuays_RelStructure,62,0,8,0,16,0,11,0,7,0
netex-java-model,org.rutebanken.netex.model,GroupOfServicesMemberStructure,193,0,6,0,71,0,41,0,38,0
netex-java-model,org.rutebanken.netex.model,RoundingStepRefStructure,47,0,0,0,18,0,10,0,10,0
netex-java-model,org.rutebanken.netex.model,EntitlementConstraintStructure,163,0,0,0,67,0,41,0,41,0
netex-java-model,org.rutebanken.netex.model,ResponsibilitySet_VersionStructure,162,0,6,0,58,0,33,0,30,0
netex-java-model,org.rutebanken.netex.model,SaleDiscountRight,276,0,6,0,103,0,54,0,51,0
netex-java-model,org.rutebanken.netex.model,RoadElement,166,0,6,0,59,0,32,0,29,0
netex-java-model,org.rutebanken.netex.model,TravelSpecificationsInFrame_RelStructure,57,0,8,0,14,0,10,0,6,0
netex-java-model,org.rutebanken.netex.model,MoneyService_VersionStructure,221,0,14,0,73,0,41,0,34,0
netex-java-model,org.rutebanken.netex.model,LanguageUseEnumeration,31,100,4,0,5,12,4,2,2,2
netex-java-model,org.rutebanken.netex.model,RoundingStep_VersionedChildStructure,147,0,6,0,52,0,30,0,27,0
netex-java-model,org.rutebanken.netex.model,SalesTransactions_RelStructure,62,0,8,0,16,0,11,0,7,0
netex-java-model,org.rutebanken.netex.model,DirectionView,27,0,0,0,10,0,6,0,6,0
netex-java-model,org.rutebanken.netex.model,LocalService_VersionStructure,183,0,6,0,66,0,36,0,33,0
netex-java-model,org.rutebanken.netex.model,SalesOfferPackageSubstitution_VersionStructure,165,0,6,0,59,0,33,0,30,0
netex-java-model,org.rutebanken.netex.model,FareProductPrice,206,0,6,0,75,0,40,0,37,0
netex-java-model,org.rutebanken.netex.model,ValidityParameterAssignment,281,0,6,0,105,0,55,0,52,0
netex-java-model,org.rutebanken.netex.model,CongestionEnumeration,31,56,4,0,5,8,4,2,2,2
netex-java-model,org.rutebanken.netex,OmitNullsToStringStyle,0,32,0,2,0,11,0,4,0,3
netex-java-model,org.rutebanken.netex.client,PublicationDeliveryClient,143,0,6,0,34,0,7,0,4,0
netex-java-model,net.opengis.gml._3,CurvePropertyType,82,0,10,0,24,0,16,0,11,0
netex-java-model,net.opengis.gml._3,PolygonType,123,0,14,0,34,0,22,0,15,0
netex-java-model,net.opengis.gml._3,ReferenceType,70,0,10,0,19,0,13,0,8,0
netex-java-model,net.opengis.gml._3,AbstractRingType,7,0,0,0,2,0,2,0,2,0
netex-java-model,net.opengis.gml._3,LinearRingType,64,0,8,0,17,0,12,0,8,0
netex-java-model,net.opengis.gml._3,AbstractMemberType,25,0,2,0,9,0,6,0,5,0
netex-java-model,net.opengis.gml._3,AbstractGeometricPrimitiveType,66,0,6,0,19,0,12,0,9,0
netex-java-model,net.opengis.gml._3,GeometryArrayPropertyType,70,0,10,0,19,0,13,0,8,0
netex-java-model,net.opengis.gml._3,CodeType,31,0,0,0,12,0,8,0,8,0
netex-java-model,net.opengis.gml._3,MeasureListType,64,0,8,0,17,0,12,0,8,0
netex-java-model,net.opengis.gml._3,LineStringType,123,0,14,0,34,0,22,0,15,0
netex-java-model,net.opengis.gml._3,AbstractRingPropertyType,19,0,0,0,7,0,5,0,5,0
netex-java-model,net.opengis.gml._3,AggregationType,109,0,4,0,15,0,6,0,4,0
netex-java-model,net.opengis.gml._3,SurfaceArrayPropertyType,70,0,10,0,19,0,13,0,8,0
netex-java-model,net.opengis.gml._3,MeasureType,31,0,0,0,12,0,8,0,8,0
netex-java-model,net.opengis.gml._3,CoordinatesType,70,0,6,0,28,0,17,0,14,0
netex-java-model,net.opengis.gml._3,AbstractGMLType,88,0,8,0,27,0,18,0,14,0
netex-java-model,net.opengis.gml._3,DirectPositionListType,88,0,8,0,27,0,18,0,14,0
netex-java-model,net.opengis.gml._3,AbstractCurveType,66,0,6,0,19,0,12,0,9,0
netex-java-model,net.opengis.gml._3,SurfacePropertyType,82,0,10,0,24,0,16,0,11,0
netex-java-model,net.opengis.gml._3,CodeOrNilReasonListType,64,0,8,0,17,0,12,0,8,0
netex-java-model,net.opengis.gml._3,VectorType,51,0,6,0,13,0,9,0,6,0
netex-java-model,net.opengis.gml._3,PointArrayPropertyType,70,0,10,0,19,0,13,0,8,0
netex-java-model,net.opengis.gml._3,GeometricPrimitivePropertyType,82,0,10,0,24,0,16,0,11,0
netex-java-model,net.opengis.gml._3,AbstractSurfaceType,66,0,6,0,19,0,12,0,9,0
netex-java-model,net.opengis.gml._3,DirectPositionType,76,0,8,0,22,0,15,0,11,0
netex-java-model,net.opengis.gml._3,AbstractMetadataPropertyType,25,0,2,0,9,0,6,0,5,0
netex-java-model,net.opengis.gml._3,CodeListType,64,0,8,0,17,0,12,0,8,0
netex-java-model,net.opengis.gml._3,PointPropertyType,82,0,10,0,24,0,16,0,11,0
netex-java-model,net.opengis.gml._3,CodeWithAuthorityType,17,0,0,0,6,0,4,0,4,0
netex-java-model,net.opengis.gml._3,AssociationRoleType,82,0,10,0,24,0,16,0,11,0
netex-java-model,net.opengis.gml._3,AbstractGeometryType,80,0,6,0,25,0,16,0,13,0
netex-java-model,net.opengis.gml._3,MeasureOrNilReasonListType,64,0,8,0,17,0,12,0,8,0
netex-java-model,net.opengis.gml._3,PointType,78,0,6,0,24,0,15,0,12,0
netex-java-model,net.opengis.gml._3,CurveArrayPropertyType,70,0,10,0,19,0,13,0,8,0
netex-java-model,net.opengis.gml._3,LinearRingPropertyType,19,0,0,0,7,0,5,0,5,0
netex-java-model,net.opengis.gml._3,ObjectFactory,572,0,0,0,96,0,64,0,64,0
netex-java-model,net.opengis.gml._3,GeometryPropertyType,82,0,10,0,24,0,16,0,11,0
netex-java-model,net.opengis.gml._3,EnvelopeType,100,0,8,0,32,0,21,0,17,0
netex-java-model,net.opengis.gml._3,InlinePropertyType,37,0,2,0,14,0,9,0,8,0
netex-java-model,org.rutebanken.netex.validation,PredefinedSchemaListClasspathResourceResolver.new LSInput() {...},42,0,0,0,18,0,17,0,17,0
netex-java-model,org.rutebanken.netex.validation,PredefinedSchemaListClasspathResourceResolver,119,0,8,0,24,0,7,0,3,0
netex-java-model,org.rutebanken.netex.validation,NeTExValidator,19,91,3,5,4,26,5,7,2,6
netex-java-model,org.rutebanken.netex.validation,NeTExValidator.NetexVersion,0,92,0,0,0,12,0,3,0,3
